{"/home/travis/build/npmtest/node-npmtest-args/test.js":{"path":"/home/travis/build/npmtest/node-npmtest-args/test.js","s":{"1":2,"2":2,"3":2,"4":2,"5":2,"6":2,"7":2,"8":1,"9":2,"10":2,"11":1,"12":1,"13":1,"14":1,"15":2,"16":2,"17":2,"18":2,"19":1,"20":1,"21":2,"22":2,"23":2,"24":1,"25":1,"26":1,"27":1,"28":1,"29":1,"30":1,"31":1,"32":1,"33":1,"34":1,"35":1,"36":1,"37":1,"38":1,"39":2,"40":2,"41":1,"42":2,"43":2,"44":1,"45":2,"46":2,"47":1,"48":2,"49":2,"50":1,"51":1,"52":1,"53":1,"54":1},"b":{"1":[2,1,1,1],"2":[1,1,1,1],"3":[1,1],"4":[1,1],"5":[1,1],"6":[1,1],"7":[1,1],"8":[1,1],"9":[1,1],"10":[1,1,1],"11":[1,1],"12":[1,1],"13":[1,1],"14":[1,1],"15":[1,1],"16":[1,1],"17":[1,1]},"f":{"1":2,"2":2,"3":2,"4":2,"5":2,"6":1,"7":1,"8":1,"9":2,"10":2,"11":2,"12":2,"13":1},"fnMap":{"1":{"name":"(anonymous_1)","line":12,"loc":{"start":{"line":12,"column":1},"end":{"line":12,"column":13}}},"2":{"name":"(anonymous_2)","line":19,"loc":{"start":{"line":19,"column":5},"end":{"line":19,"column":17}}},"3":{"name":"(anonymous_3)","line":23,"loc":{"start":{"line":23,"column":24},"end":{"line":23,"column":36}}},"4":{"name":"(anonymous_4)","line":61,"loc":{"start":{"line":61,"column":5},"end":{"line":61,"column":17}}},"5":{"name":"(anonymous_5)","line":82,"loc":{"start":{"line":82,"column":5},"end":{"line":82,"column":17}}},"6":{"name":"(anonymous_6)","line":91,"loc":{"start":{"line":91,"column":77},"end":{"line":94,"column":10}}},"7":{"name":"(anonymous_7)","line":112,"loc":{"start":{"line":112,"column":83},"end":{"line":115,"column":10}},"skip":true},"8":{"name":"(anonymous_8)","line":123,"loc":{"start":{"line":123,"column":77},"end":{"line":126,"column":10}},"skip":true},"9":{"name":"(anonymous_9)","line":139,"loc":{"start":{"line":139,"column":12},"end":{"line":139,"column":40}},"skip":true},"10":{"name":"(anonymous_10)","line":147,"loc":{"start":{"line":147,"column":77},"end":{"line":150,"column":10}},"skip":true},"11":{"name":"(anonymous_11)","line":158,"loc":{"start":{"line":158,"column":83},"end":{"line":161,"column":10}},"skip":true},"12":{"name":"(anonymous_12)","line":169,"loc":{"start":{"line":169,"column":79},"end":{"line":172,"column":10}},"skip":true},"13":{"name":"(anonymous_13)","line":180,"loc":{"start":{"line":180,"column":75},"end":{"line":183,"column":10}},"skip":true}},"statementMap":{"1":{"start":{"line":12,"column":0},"end":{"line":195,"column":5}},"2":{"start":{"line":14,"column":4},"end":{"line":14,"column":14}},"3":{"start":{"line":19,"column":4},"end":{"line":56,"column":9}},"4":{"start":{"line":21,"column":8},"end":{"line":21,"column":19}},"5":{"start":{"line":23,"column":8},"end":{"line":35,"column":13}},"6":{"start":{"line":24,"column":12},"end":{"line":34,"column":13}},"7":{"start":{"line":25,"column":16},"end":{"line":28,"column":30}},"8":{"start":{"line":30,"column":16},"end":{"line":33,"column":27}},"9":{"start":{"line":37,"column":8},"end":{"line":39,"column":21}},"10":{"start":{"line":40,"column":8},"end":{"line":53,"column":9}},"11":{"start":{"line":43,"column":12},"end":{"line":46,"column":14}},"12":{"start":{"line":47,"column":12},"end":{"line":47,"column":18}},"13":{"start":{"line":50,"column":12},"end":{"line":51,"column":46}},"14":{"start":{"line":52,"column":12},"end":{"line":52,"column":18}},"15":{"start":{"line":55,"column":8},"end":{"line":55,"column":35}},"16":{"start":{"line":61,"column":4},"end":{"line":63,"column":9}},"17":{"start":{"line":62,"column":8},"end":{"line":62,"column":15}},"18":{"start":{"line":64,"column":4},"end":{"line":77,"column":5}},"19":{"start":{"line":70,"column":8},"end":{"line":70,"column":14}},"20":{"start":{"line":76,"column":8},"end":{"line":76,"column":14}},"21":{"start":{"line":82,"column":4},"end":{"line":84,"column":9}},"22":{"start":{"line":83,"column":8},"end":{"line":83,"column":15}},"23":{"start":{"line":85,"column":4},"end":{"line":194,"column":5}},"24":{"start":{"line":91,"column":8},"end":{"line":99,"column":10}},"25":{"start":{"line":98,"column":12},"end":{"line":98,"column":35}},"26":{"start":{"line":102,"column":8},"end":{"line":104,"column":63}},"27":{"start":{"line":105,"column":8},"end":{"line":105,"column":14}},"28":{"start":{"line":112,"column":8},"end":{"line":121,"column":10},"skip":true},"29":{"start":{"line":119,"column":12},"end":{"line":119,"column":55},"skip":true},"30":{"start":{"line":120,"column":12},"end":{"line":120,"column":48},"skip":true},"31":{"start":{"line":123,"column":8},"end":{"line":136,"column":10},"skip":true},"32":{"start":{"line":130,"column":12},"end":{"line":130,"column":76},"skip":true},"33":{"start":{"line":131,"column":12},"end":{"line":131,"column":73},"skip":true},"34":{"start":{"line":132,"column":12},"end":{"line":132,"column":74},"skip":true},"35":{"start":{"line":133,"column":12},"end":{"line":133,"column":79},"skip":true},"36":{"start":{"line":134,"column":12},"end":{"line":134,"column":25},"skip":true},"37":{"start":{"line":135,"column":12},"end":{"line":135,"column":45},"skip":true},"38":{"start":{"line":138,"column":8},"end":{"line":145,"column":14},"skip":true},"39":{"start":{"line":143,"column":16},"end":{"line":143,"column":29},"skip":true},"40":{"start":{"line":144,"column":16},"end":{"line":144,"column":55},"skip":true},"41":{"start":{"line":147,"column":8},"end":{"line":156,"column":10},"skip":true},"42":{"start":{"line":154,"column":12},"end":{"line":154,"column":25},"skip":true},"43":{"start":{"line":155,"column":12},"end":{"line":155,"column":45},"skip":true},"44":{"start":{"line":158,"column":8},"end":{"line":167,"column":10},"skip":true},"45":{"start":{"line":165,"column":12},"end":{"line":165,"column":25},"skip":true},"46":{"start":{"line":166,"column":12},"end":{"line":166,"column":48},"skip":true},"47":{"start":{"line":169,"column":8},"end":{"line":178,"column":10},"skip":true},"48":{"start":{"line":176,"column":12},"end":{"line":176,"column":25},"skip":true},"49":{"start":{"line":177,"column":12},"end":{"line":177,"column":46},"skip":true},"50":{"start":{"line":180,"column":8},"end":{"line":189,"column":10},"skip":true},"51":{"start":{"line":187,"column":12},"end":{"line":187,"column":94},"skip":true},"52":{"start":{"line":188,"column":12},"end":{"line":188,"column":48},"skip":true},"53":{"start":{"line":192,"column":8},"end":{"line":192,"column":35},"skip":true},"54":{"start":{"line":193,"column":8},"end":{"line":193,"column":14},"skip":true}},"branchMap":{"1":{"line":25,"type":"binary-expr","locations":[{"start":{"line":25,"column":23},"end":{"line":25,"column":62}},{"start":{"line":26,"column":20},"end":{"line":26,"column":70}},{"start":{"line":27,"column":20},"end":{"line":27,"column":71}},{"start":{"line":28,"column":20},"end":{"line":28,"column":29}}]},"2":{"line":30,"type":"binary-expr","locations":[{"start":{"line":30,"column":23},"end":{"line":30,"column":37}},{"start":{"line":31,"column":20},"end":{"line":31,"column":61}},{"start":{"line":32,"column":20},"end":{"line":32,"column":70}},{"start":{"line":33,"column":20},"end":{"line":33,"column":26}}]},"3":{"line":37,"type":"cond-expr","locations":[{"start":{"line":38,"column":14},"end":{"line":38,"column":20}},{"start":{"line":39,"column":14},"end":{"line":39,"column":20}}]},"4":{"line":40,"type":"switch","locations":[{"start":{"line":42,"column":8},"end":{"line":47,"column":18}},{"start":{"line":49,"column":8},"end":{"line":52,"column":18}}]},"5":{"line":44,"type":"binary-expr","locations":[{"start":{"line":44,"column":16},"end":{"line":44,"column":44}},{"start":{"line":44,"column":48},"end":{"line":44,"column":66}}]},"6":{"line":50,"type":"binary-expr","locations":[{"start":{"line":50,"column":21},"end":{"line":50,"column":49}},{"start":{"line":50,"column":53},"end":{"line":50,"column":72}}]},"7":{"line":64,"type":"switch","locations":[{"start":{"line":69,"column":4},"end":{"line":70,"column":14}},{"start":{"line":75,"column":4},"end":{"line":76,"column":14}}]},"8":{"line":85,"type":"switch","locations":[{"start":{"line":90,"column":4},"end":{"line":105,"column":14}},{"start":{"line":111,"column":4},"end":{"line":193,"column":14},"skip":true}]},"9":{"line":91,"type":"binary-expr","locations":[{"start":{"line":91,"column":42},"end":{"line":91,"column":73}},{"start":{"line":91,"column":77},"end":{"line":99,"column":9}}]},"10":{"line":102,"type":"binary-expr","locations":[{"start":{"line":102,"column":18},"end":{"line":102,"column":32}},{"start":{"line":103,"column":12},"end":{"line":103,"column":53}},{"start":{"line":104,"column":12},"end":{"line":104,"column":61}}]},"11":{"line":112,"type":"binary-expr","locations":[{"start":{"line":112,"column":45},"end":{"line":112,"column":79},"skip":true},{"start":{"line":112,"column":83},"end":{"line":121,"column":9},"skip":true}]},"12":{"line":123,"type":"binary-expr","locations":[{"start":{"line":123,"column":42},"end":{"line":123,"column":73},"skip":true},{"start":{"line":123,"column":77},"end":{"line":136,"column":9},"skip":true}]},"13":{"line":138,"type":"binary-expr","locations":[{"start":{"line":138,"column":48},"end":{"line":138,"column":85},"skip":true},{"start":{"line":139,"column":12},"end":{"line":145,"column":13},"skip":true}]},"14":{"line":147,"type":"binary-expr","locations":[{"start":{"line":147,"column":42},"end":{"line":147,"column":73},"skip":true},{"start":{"line":147,"column":77},"end":{"line":156,"column":9},"skip":true}]},"15":{"line":158,"type":"binary-expr","locations":[{"start":{"line":158,"column":45},"end":{"line":158,"column":79},"skip":true},{"start":{"line":158,"column":83},"end":{"line":167,"column":9},"skip":true}]},"16":{"line":169,"type":"binary-expr","locations":[{"start":{"line":169,"column":43},"end":{"line":169,"column":75},"skip":true},{"start":{"line":169,"column":79},"end":{"line":178,"column":9},"skip":true}]},"17":{"line":180,"type":"binary-expr","locations":[{"start":{"line":180,"column":41},"end":{"line":180,"column":71},"skip":true},{"start":{"line":180,"column":75},"end":{"line":189,"column":9},"skip":true}]}},"code":["/* istanbul instrument in package npmtest_args */","/*jslint","    bitwise: true,","    browser: true,","    maxerr: 8,","    maxlen: 96,","    node: true,","    nomen: true,","    regexp: true,","    stupid: true","*/","(function () {","    'use strict';","    var local;","","","","    // run shared js-env code - pre-init","    (function () {","        // init local","        local = {};","        // init modeJs","        local.modeJs = (function () {","            try {","                return typeof navigator.userAgent === 'string' &&","                    typeof document.querySelector('body') === 'object' &&","                    typeof XMLHttpRequest.prototype.open === 'function' &&","                    'browser';","            } catch (errorCaughtBrowser) {","                return module.exports &&","                    typeof process.versions.node === 'string' &&","                    typeof require('http').createServer === 'function' &&","                    'node';","            }","        }());","        // init global","        local.global = local.modeJs === 'browser'","            ? window","            : global;","        switch (local.modeJs) {","        // re-init local from window.local","        case 'browser':","            local = local.global.utility2.objectSetDefault(","                local.global.utility2_rollup || local.global.local,","                local.global.utility2","            );","            break;","        // re-init local from example.js","        case 'node':","            local = (local.global.utility2_rollup || require('utility2'))","                .requireExampleJsFromReadme();","            break;","        }","        // export local","        local.global.local = local;","    }());","","","","    // run shared js-env code - function","    (function () {","        return;","    }());","    switch (local.modeJs) {","","","","    // run browser js-env code - function","    case 'browser':","        break;","","","","    // run node js-env code - function","    case 'node':","        break;","    }","","","","    // run shared js-env code - post-init","    (function () {","        return;","    }());","    switch (local.modeJs) {","","","","    // run browser js-env code - post-init","    case 'browser':","        local.testCase_browser_nullCase = local.testCase_browser_nullCase || function (","            options,","            onError","        ) {","        /*","         * this function will test browsers's null-case handling-behavior-behavior","         */","            onError(null, options);","        };","","        // run tests","        local.nop(local.modeTest &&","            document.querySelector('#testRunButton1') &&","            document.querySelector('#testRunButton1').click());","        break;","","","","    // run node js-env code - post-init","    /* istanbul ignore next */","    case 'node':","        local.testCase_buildApidoc_default = local.testCase_buildApidoc_default || function (","            options,","            onError","        ) {","        /*","         * this function will test buildApidoc's default handling-behavior-behavior","         */","            options = { modulePathList: module.paths };","            local.buildApidoc(options, onError);","        };","","        local.testCase_buildApp_default = local.testCase_buildApp_default || function (","            options,","            onError","        ) {","        /*","         * this function will test buildApp's default handling-behavior-behavior","         */","            local.testCase_buildReadme_default(options, local.onErrorThrow);","            local.testCase_buildLib_default(options, local.onErrorThrow);","            local.testCase_buildTest_default(options, local.onErrorThrow);","            local.testCase_buildCustomOrg_default(options, local.onErrorThrow);","            options = [];","            local.buildApp(options, onError);","        };","","        local.testCase_buildCustomOrg_default = local.testCase_buildCustomOrg_default ||","            function (options, onError) {","            /*","             * this function will test buildCustomOrg's default handling-behavior","             */","                options = {};","                local.buildCustomOrg(options, onError);","            };","","        local.testCase_buildLib_default = local.testCase_buildLib_default || function (","            options,","            onError","        ) {","        /*","         * this function will test buildLib's default handling-behavior","         */","            options = {};","            local.buildLib(options, onError);","        };","","        local.testCase_buildReadme_default = local.testCase_buildReadme_default || function (","            options,","            onError","        ) {","        /*","         * this function will test buildReadme's default handling-behavior-behavior","         */","            options = {};","            local.buildReadme(options, onError);","        };","","        local.testCase_buildTest_default = local.testCase_buildTest_default || function (","            options,","            onError","        ) {","        /*","         * this function will test buildTest's default handling-behavior","         */","            options = {};","            local.buildTest(options, onError);","        };","","        local.testCase_webpage_default = local.testCase_webpage_default || function (","            options,","            onError","        ) {","        /*","         * this function will test webpage's default handling-behavior","         */","            options = { modeCoverageMerge: true, url: local.serverLocalHost + '?modeTest=1' };","            local.browserTest(options, onError);","        };","","        // run test-server","        local.testRunServer(local);","        break;","    }","}());",""],"l":{"12":2,"14":2,"19":2,"21":2,"23":2,"24":2,"25":2,"30":1,"37":2,"40":2,"43":1,"47":1,"50":1,"52":1,"55":2,"61":2,"62":2,"64":2,"70":1,"76":1,"82":2,"83":2,"85":2,"91":1,"98":1,"102":1,"105":1,"112":1,"119":1,"120":1,"123":1,"130":1,"131":1,"132":1,"133":1,"134":1,"135":1,"138":1,"143":2,"144":2,"147":1,"154":2,"155":2,"158":1,"165":2,"166":2,"169":1,"176":2,"177":2,"180":1,"187":1,"188":1,"192":1,"193":1}},"/home/travis/build/npmtest/node-npmtest-args/lib.npmtest_args.js":{"path":"/home/travis/build/npmtest/node-npmtest-args/lib.npmtest_args.js","s":{"1":2,"2":2,"3":2,"4":2,"5":2,"6":2,"7":2,"8":1,"9":2,"10":2,"11":2,"12":2,"13":1,"14":1,"15":1,"16":1},"b":{"1":[2,1,1,1],"2":[1,1,1,1],"3":[1,1],"4":[2,2],"5":[1,1]},"f":{"1":2,"2":2,"3":2},"fnMap":{"1":{"name":"(anonymous_1)","line":12,"loc":{"start":{"line":12,"column":1},"end":{"line":12,"column":13}}},"2":{"name":"(anonymous_2)","line":19,"loc":{"start":{"line":19,"column":5},"end":{"line":19,"column":17}}},"3":{"name":"(anonymous_3)","line":23,"loc":{"start":{"line":23,"column":24},"end":{"line":23,"column":36}}}},"statementMap":{"1":{"start":{"line":12,"column":0},"end":{"line":53,"column":5}},"2":{"start":{"line":14,"column":4},"end":{"line":14,"column":14}},"3":{"start":{"line":19,"column":4},"end":{"line":52,"column":9}},"4":{"start":{"line":21,"column":8},"end":{"line":21,"column":19}},"5":{"start":{"line":23,"column":8},"end":{"line":35,"column":13}},"6":{"start":{"line":24,"column":12},"end":{"line":34,"column":13}},"7":{"start":{"line":25,"column":16},"end":{"line":28,"column":30}},"8":{"start":{"line":30,"column":16},"end":{"line":33,"column":27}},"9":{"start":{"line":37,"column":8},"end":{"line":39,"column":21}},"10":{"start":{"line":41,"column":8},"end":{"line":41,"column":54}},"11":{"start":{"line":43,"column":8},"end":{"line":43,"column":49}},"12":{"start":{"line":45,"column":8},"end":{"line":51,"column":9}},"13":{"start":{"line":46,"column":12},"end":{"line":46,"column":55}},"14":{"start":{"line":48,"column":12},"end":{"line":48,"column":35}},"15":{"start":{"line":49,"column":12},"end":{"line":49,"column":49}},"16":{"start":{"line":50,"column":12},"end":{"line":50,"column":43}}},"branchMap":{"1":{"line":25,"type":"binary-expr","locations":[{"start":{"line":25,"column":23},"end":{"line":25,"column":62}},{"start":{"line":26,"column":20},"end":{"line":26,"column":70}},{"start":{"line":27,"column":20},"end":{"line":27,"column":71}},{"start":{"line":28,"column":20},"end":{"line":28,"column":29}}]},"2":{"line":30,"type":"binary-expr","locations":[{"start":{"line":30,"column":23},"end":{"line":30,"column":37}},{"start":{"line":31,"column":20},"end":{"line":31,"column":61}},{"start":{"line":32,"column":20},"end":{"line":32,"column":70}},{"start":{"line":33,"column":20},"end":{"line":33,"column":26}}]},"3":{"line":37,"type":"cond-expr","locations":[{"start":{"line":38,"column":14},"end":{"line":38,"column":20}},{"start":{"line":39,"column":14},"end":{"line":39,"column":20}}]},"4":{"line":41,"type":"binary-expr","locations":[{"start":{"line":41,"column":16},"end":{"line":41,"column":44}},{"start":{"line":41,"column":48},"end":{"line":41,"column":53}}]},"5":{"line":45,"type":"if","locations":[{"start":{"line":45,"column":8},"end":{"line":45,"column":8}},{"start":{"line":45,"column":8},"end":{"line":45,"column":8}}]}},"code":["/* istanbul instrument in package npmtest_args */","/*jslint","    bitwise: true,","    browser: true,","    maxerr: 8,","    maxlen: 96,","    node: true,","    nomen: true,","    regexp: true,","    stupid: true","*/","(function () {","    'use strict';","    var local;","","","","    // run shared js-env code - pre-init","    (function () {","        // init local","        local = {};","        // init modeJs","        local.modeJs = (function () {","            try {","                return typeof navigator.userAgent === 'string' &&","                    typeof document.querySelector('body') === 'object' &&","                    typeof XMLHttpRequest.prototype.open === 'function' &&","                    'browser';","            } catch (errorCaughtBrowser) {","                return module.exports &&","                    typeof process.versions.node === 'string' &&","                    typeof require('http').createServer === 'function' &&","                    'node';","            }","        }());","        // init global","        local.global = local.modeJs === 'browser'","            ? window","            : global;","        // init utility2_rollup","        local = local.global.utility2_rollup || local;","        // init lib","        local.local = local.npmtest_args = local;","        // init exports","        if (local.modeJs === 'browser') {","            local.global.utility2_npmtest_args = local;","        } else {","            module.exports = local;","            module.exports.__dirname = __dirname;","            module.exports.module = module;","        }","    }());","}());",""],"l":{"12":2,"14":2,"19":2,"21":2,"23":2,"24":2,"25":2,"30":1,"37":2,"41":2,"43":2,"45":2,"46":1,"48":1,"49":1,"50":1}},"/home/travis/build/npmtest/node-npmtest-args/example.js":{"path":"/home/travis/build/npmtest/node-npmtest-args/example.js","s":{"1":2,"2":2,"3":2,"4":2,"5":2,"6":2,"7":2,"8":1,"9":2,"10":2,"11":2,"12":2,"13":1,"14":2,"15":2,"16":2,"17":2,"18":2,"19":0,"20":2,"21":1,"22":1,"23":1,"24":1,"25":1,"26":0,"27":0,"28":1,"29":1,"30":2,"31":0,"32":0,"33":0,"34":1,"35":2,"36":2,"37":3,"38":3,"39":3,"40":3,"41":0,"42":3,"43":3,"44":3,"45":1,"46":3,"47":1,"48":1,"49":1,"50":1,"51":1,"52":1,"53":1,"54":1,"55":1,"56":1,"57":0,"58":1,"59":6,"60":6,"61":1,"62":2,"63":0,"64":2,"65":1,"66":1,"67":0,"68":0,"69":0,"70":0,"71":0,"72":0,"73":0,"74":0,"75":0,"76":0,"77":0,"78":0,"79":0,"80":0,"81":0,"82":0,"83":0},"b":{"1":[2,1,1,1],"2":[1,1,1,1],"3":[1,1],"4":[2,2],"5":[1,1],"6":[1,1],"7":[2,0],"8":[2,1,1,1,1,1],"9":[0,2,0],"10":[1,1],"11":[2,1,1],"12":[1,0],"13":[0,2],"14":[2,0,0,0,0,0,0],"15":[0,3],"16":[3,0],"17":[1,1],"18":[0,1],"19":[1,2,0,2],"20":[1,0],"21":[1,1],"22":[0,0],"23":[0,0],"24":[0,0],"25":[0,0],"26":[0,0],"27":[0,0],"28":[0,0]},"f":{"1":2,"2":2,"3":2,"4":2,"5":2,"6":2,"7":3,"8":3,"9":3,"10":1,"11":6,"12":0},"fnMap":{"1":{"name":"(anonymous_1)","line":26,"loc":{"start":{"line":26,"column":1},"end":{"line":26,"column":13}}},"2":{"name":"(anonymous_2)","line":33,"loc":{"start":{"line":33,"column":5},"end":{"line":33,"column":17}}},"3":{"name":"(anonymous_3)","line":37,"loc":{"start":{"line":37,"column":24},"end":{"line":37,"column":36}}},"4":{"name":"(anonymous_4)","line":69,"loc":{"start":{"line":69,"column":31},"end":{"line":69,"column":48}},"skip":true},"5":{"name":"(anonymous_5)","line":78,"loc":{"start":{"line":78,"column":26},"end":{"line":78,"column":45}},"skip":true},"6":{"name":"(anonymous_6)","line":123,"loc":{"start":{"line":123,"column":33},"end":{"line":123,"column":48}},"skip":true},"7":{"name":"(anonymous_7)","line":125,"loc":{"start":{"line":125,"column":27},"end":{"line":125,"column":39}},"skip":true},"8":{"name":"(anonymous_8)","line":133,"loc":{"start":{"line":133,"column":59},"end":{"line":133,"column":74}},"skip":true},"9":{"name":"(anonymous_9)","line":143,"loc":{"start":{"line":143,"column":45},"end":{"line":143,"column":62}},"skip":true},"10":{"name":"(anonymous_10)","line":144,"loc":{"start":{"line":144,"column":73},"end":{"line":144,"column":92}},"skip":true},"11":{"name":"(anonymous_11)","line":272,"loc":{"start":{"line":272,"column":51},"end":{"line":272,"column":77}},"skip":true},"12":{"name":"(anonymous_12)","line":315,"loc":{"start":{"line":315,"column":32},"end":{"line":315,"column":61}},"skip":true}},"statementMap":{"1":{"start":{"line":26,"column":0},"end":{"line":326,"column":5}},"2":{"start":{"line":28,"column":4},"end":{"line":28,"column":14}},"3":{"start":{"line":33,"column":4},"end":{"line":60,"column":9}},"4":{"start":{"line":35,"column":8},"end":{"line":35,"column":19}},"5":{"start":{"line":37,"column":8},"end":{"line":49,"column":13}},"6":{"start":{"line":38,"column":12},"end":{"line":48,"column":13}},"7":{"start":{"line":39,"column":16},"end":{"line":42,"column":30}},"8":{"start":{"line":44,"column":16},"end":{"line":47,"column":27}},"9":{"start":{"line":51,"column":8},"end":{"line":53,"column":21}},"10":{"start":{"line":55,"column":8},"end":{"line":57,"column":45}},"11":{"start":{"line":59,"column":8},"end":{"line":59,"column":35}},"12":{"start":{"line":61,"column":4},"end":{"line":325,"column":5}},"13":{"start":{"line":69,"column":8},"end":{"line":121,"column":10},"skip":true},"14":{"start":{"line":70,"column":12},"end":{"line":88,"column":13},"skip":true},"15":{"start":{"line":76,"column":16},"end":{"line":87,"column":19},"skip":true},"16":{"start":{"line":79,"column":20},"end":{"line":86,"column":21},"skip":true},"17":{"start":{"line":82,"column":24},"end":{"line":82,"column":43},"skip":true},"18":{"start":{"line":83,"column":24},"end":{"line":83,"column":30},"skip":true},"19":{"start":{"line":85,"column":24},"end":{"line":85,"column":49},"skip":true},"20":{"start":{"line":89,"column":12},"end":{"line":107,"column":13},"skip":true},"21":{"start":{"line":92,"column":16},"end":{"line":102,"column":17},"skip":true},"22":{"start":{"line":93,"column":20},"end":{"line":93,"column":86},"skip":true},"23":{"start":{"line":94,"column":20},"end":{"line":95,"column":45},"skip":true},"24":{"start":{"line":96,"column":20},"end":{"line":96,"column":42},"skip":true},"25":{"start":{"line":97,"column":20},"end":{"line":97,"column":48},"skip":true},"26":{"start":{"line":100,"column":20},"end":{"line":100,"column":85},"skip":true},"27":{"start":{"line":101,"column":20},"end":{"line":101,"column":96},"skip":true},"28":{"start":{"line":103,"column":16},"end":{"line":103,"column":22},"skip":true},"29":{"start":{"line":106,"column":16},"end":{"line":106,"column":22},"skip":true},"30":{"start":{"line":108,"column":12},"end":{"line":120,"column":13},"skip":true},"31":{"start":{"line":114,"column":16},"end":{"line":119,"column":17},"skip":true},"32":{"start":{"line":116,"column":20},"end":{"line":116,"column":78},"skip":true},"33":{"start":{"line":118,"column":20},"end":{"line":118,"column":47},"skip":true},"34":{"start":{"line":123,"column":8},"end":{"line":141,"column":11},"skip":true},"35":{"start":{"line":124,"column":12},"end":{"line":124,"column":54},"skip":true},"36":{"start":{"line":125,"column":12},"end":{"line":140,"column":14},"skip":true},"37":{"start":{"line":126,"column":16},"end":{"line":126,"column":28},"skip":true},"38":{"start":{"line":127,"column":16},"end":{"line":127,"column":69},"skip":true},"39":{"start":{"line":128,"column":16},"end":{"line":128,"column":75},"skip":true},"40":{"start":{"line":129,"column":16},"end":{"line":131,"column":17},"skip":true},"41":{"start":{"line":130,"column":20},"end":{"line":130,"column":27},"skip":true},"42":{"start":{"line":133,"column":16},"end":{"line":137,"column":36},"skip":true},"43":{"start":{"line":134,"column":20},"end":{"line":136,"column":55},"skip":true},"44":{"start":{"line":139,"column":16},"end":{"line":139,"column":57},"skip":true},"45":{"start":{"line":143,"column":8},"end":{"line":147,"column":11},"skip":true},"46":{"start":{"line":144,"column":12},"end":{"line":146,"column":15},"skip":true},"47":{"start":{"line":145,"column":16},"end":{"line":145,"column":70},"skip":true},"48":{"start":{"line":149,"column":8},"end":{"line":149,"column":31},"skip":true},"49":{"start":{"line":150,"column":8},"end":{"line":150,"column":14},"skip":true},"50":{"start":{"line":158,"column":8},"end":{"line":158,"column":31},"skip":true},"51":{"start":{"line":160,"column":8},"end":{"line":160,"column":33},"skip":true},"52":{"start":{"line":161,"column":8},"end":{"line":161,"column":37},"skip":true},"53":{"start":{"line":162,"column":8},"end":{"line":162,"column":35},"skip":true},"54":{"start":{"line":164,"column":8},"end":{"line":164,"column":50},"skip":true},"55":{"start":{"line":166,"column":8},"end":{"line":256,"column":2},"skip":true},"56":{"start":{"line":258,"column":8},"end":{"line":286,"column":9},"skip":true},"57":{"start":{"line":259,"column":12},"end":{"line":269,"column":14},"skip":true},"58":{"start":{"line":271,"column":12},"end":{"line":285,"column":19},"skip":true},"59":{"start":{"line":274,"column":20},"end":{"line":274,"column":35},"skip":true},"60":{"start":{"line":275,"column":20},"end":{"line":284,"column":21},"skip":true},"61":{"start":{"line":277,"column":24},"end":{"line":277,"column":64},"skip":true},"62":{"start":{"line":279,"column":24},"end":{"line":279,"column":40},"skip":true},"63":{"start":{"line":281,"column":24},"end":{"line":281,"column":40},"skip":true},"64":{"start":{"line":283,"column":24},"end":{"line":283,"column":39},"skip":true},"65":{"start":{"line":288,"column":8},"end":{"line":290,"column":9},"skip":true},"66":{"start":{"line":289,"column":12},"end":{"line":289,"column":18},"skip":true},"67":{"start":{"line":291,"column":8},"end":{"line":293,"column":54},"skip":true},"68":{"start":{"line":296,"column":8},"end":{"line":301,"column":37},"skip":true},"69":{"start":{"line":303,"column":8},"end":{"line":303,"column":82},"skip":true},"70":{"start":{"line":306,"column":8},"end":{"line":308,"column":9},"skip":true},"71":{"start":{"line":307,"column":12},"end":{"line":307,"column":82},"skip":true},"72":{"start":{"line":310,"column":8},"end":{"line":312,"column":9},"skip":true},"73":{"start":{"line":311,"column":12},"end":{"line":311,"column":18},"skip":true},"74":{"start":{"line":313,"column":8},"end":{"line":313,"column":54},"skip":true},"75":{"start":{"line":314,"column":8},"end":{"line":314,"column":69},"skip":true},"76":{"start":{"line":315,"column":8},"end":{"line":323,"column":36},"skip":true},"77":{"start":{"line":316,"column":12},"end":{"line":316,"column":61},"skip":true},"78":{"start":{"line":317,"column":12},"end":{"line":320,"column":13},"skip":true},"79":{"start":{"line":318,"column":16},"end":{"line":318,"column":75},"skip":true},"80":{"start":{"line":319,"column":16},"end":{"line":319,"column":23},"skip":true},"81":{"start":{"line":321,"column":12},"end":{"line":321,"column":38},"skip":true},"82":{"start":{"line":322,"column":12},"end":{"line":322,"column":27},"skip":true},"83":{"start":{"line":324,"column":8},"end":{"line":324,"column":14},"skip":true}},"branchMap":{"1":{"line":39,"type":"binary-expr","locations":[{"start":{"line":39,"column":23},"end":{"line":39,"column":62}},{"start":{"line":40,"column":20},"end":{"line":40,"column":70}},{"start":{"line":41,"column":20},"end":{"line":41,"column":71}},{"start":{"line":42,"column":20},"end":{"line":42,"column":29}}]},"2":{"line":44,"type":"binary-expr","locations":[{"start":{"line":44,"column":23},"end":{"line":44,"column":37}},{"start":{"line":45,"column":20},"end":{"line":45,"column":61}},{"start":{"line":46,"column":20},"end":{"line":46,"column":70}},{"start":{"line":47,"column":20},"end":{"line":47,"column":26}}]},"3":{"line":51,"type":"cond-expr","locations":[{"start":{"line":52,"column":14},"end":{"line":52,"column":20}},{"start":{"line":53,"column":14},"end":{"line":53,"column":20}}]},"4":{"line":55,"type":"binary-expr","locations":[{"start":{"line":55,"column":16},"end":{"line":55,"column":44}},{"start":{"line":55,"column":49},"end":{"line":57,"column":43}}]},"5":{"line":55,"type":"cond-expr","locations":[{"start":{"line":56,"column":14},"end":{"line":56,"column":48}},{"start":{"line":57,"column":14},"end":{"line":57,"column":43}}]},"6":{"line":61,"type":"switch","locations":[{"start":{"line":68,"column":4},"end":{"line":150,"column":14},"skip":true},{"start":{"line":156,"column":4},"end":{"line":324,"column":14},"skip":true}]},"7":{"line":70,"type":"if","locations":[{"start":{"line":70,"column":12},"end":{"line":70,"column":12},"skip":true},{"start":{"line":70,"column":12},"end":{"line":70,"column":12},"skip":true}]},"8":{"line":70,"type":"binary-expr","locations":[{"start":{"line":70,"column":16},"end":{"line":70,"column":22},"skip":true},{"start":{"line":70,"column":27},"end":{"line":70,"column":32},"skip":true},{"start":{"line":71,"column":20},"end":{"line":71,"column":39},"skip":true},{"start":{"line":72,"column":20},"end":{"line":72,"column":49},"skip":true},{"start":{"line":73,"column":20},"end":{"line":73,"column":58},"skip":true},{"start":{"line":74,"column":20},"end":{"line":74,"column":69},"skip":true}]},"9":{"line":79,"type":"switch","locations":[{"start":{"line":80,"column":20},"end":{"line":80,"column":33},"skip":true},{"start":{"line":81,"column":20},"end":{"line":83,"column":30},"skip":true},{"start":{"line":84,"column":20},"end":{"line":85,"column":49},"skip":true}]},"10":{"line":89,"type":"switch","locations":[{"start":{"line":90,"column":12},"end":{"line":103,"column":22},"skip":true},{"start":{"line":105,"column":12},"end":{"line":106,"column":22},"skip":true}]},"11":{"line":89,"type":"binary-expr","locations":[{"start":{"line":89,"column":20},"end":{"line":89,"column":25},"skip":true},{"start":{"line":89,"column":29},"end":{"line":89,"column":48},"skip":true},{"start":{"line":89,"column":52},"end":{"line":89,"column":74},"skip":true}]},"12":{"line":92,"type":"if","locations":[{"start":{"line":92,"column":16},"end":{"line":92,"column":16},"skip":true},{"start":{"line":92,"column":16},"end":{"line":92,"column":16},"skip":true}]},"13":{"line":108,"type":"if","locations":[{"start":{"line":108,"column":12},"end":{"line":108,"column":12},"skip":true},{"start":{"line":108,"column":12},"end":{"line":108,"column":12},"skip":true}]},"14":{"line":108,"type":"binary-expr","locations":[{"start":{"line":108,"column":16},"end":{"line":108,"column":61},"skip":true},{"start":{"line":108,"column":66},"end":{"line":108,"column":72},"skip":true},{"start":{"line":108,"column":77},"end":{"line":108,"column":82},"skip":true},{"start":{"line":109,"column":20},"end":{"line":109,"column":39},"skip":true},{"start":{"line":110,"column":20},"end":{"line":110,"column":49},"skip":true},{"start":{"line":111,"column":20},"end":{"line":111,"column":58},"skip":true},{"start":{"line":112,"column":20},"end":{"line":112,"column":68},"skip":true}]},"15":{"line":129,"type":"if","locations":[{"start":{"line":129,"column":16},"end":{"line":129,"column":16},"skip":true},{"start":{"line":129,"column":16},"end":{"line":129,"column":16},"skip":true}]},"16":{"line":134,"type":"cond-expr","locations":[{"start":{"line":135,"column":26},"end":{"line":135,"column":29},"skip":true},{"start":{"line":136,"column":26},"end":{"line":136,"column":54},"skip":true}]},"17":{"line":164,"type":"binary-expr","locations":[{"start":{"line":164,"column":27},"end":{"line":164,"column":43},"skip":true},{"start":{"line":164,"column":47},"end":{"line":164,"column":49},"skip":true}]},"18":{"line":258,"type":"if","locations":[{"start":{"line":258,"column":8},"end":{"line":258,"column":8},"skip":true},{"start":{"line":258,"column":8},"end":{"line":258,"column":8},"skip":true}]},"19":{"line":275,"type":"switch","locations":[{"start":{"line":276,"column":20},"end":{"line":277,"column":64},"skip":true},{"start":{"line":278,"column":20},"end":{"line":279,"column":40},"skip":true},{"start":{"line":280,"column":20},"end":{"line":281,"column":40},"skip":true},{"start":{"line":282,"column":20},"end":{"line":283,"column":39},"skip":true}]},"20":{"line":288,"type":"if","locations":[{"start":{"line":288,"column":8},"end":{"line":288,"column":8},"skip":true},{"start":{"line":288,"column":8},"end":{"line":288,"column":8},"skip":true}]},"21":{"line":288,"type":"binary-expr","locations":[{"start":{"line":288,"column":12},"end":{"line":288,"column":40},"skip":true},{"start":{"line":288,"column":44},"end":{"line":288,"column":67},"skip":true}]},"22":{"line":292,"type":"binary-expr","locations":[{"start":{"line":292,"column":12},"end":{"line":292,"column":50},"skip":true},{"start":{"line":293,"column":12},"end":{"line":293,"column":53},"skip":true}]},"23":{"line":297,"type":"binary-expr","locations":[{"start":{"line":297,"column":12},"end":{"line":297,"column":62},"skip":true},{"start":{"line":298,"column":12},"end":{"line":301,"column":36},"skip":true}]},"24":{"line":303,"type":"binary-expr","locations":[{"start":{"line":303,"column":43},"end":{"line":303,"column":75},"skip":true},{"start":{"line":303,"column":79},"end":{"line":303,"column":81},"skip":true}]},"25":{"line":306,"type":"if","locations":[{"start":{"line":306,"column":8},"end":{"line":306,"column":8},"skip":true},{"start":{"line":306,"column":8},"end":{"line":306,"column":8},"skip":true}]},"26":{"line":310,"type":"if","locations":[{"start":{"line":310,"column":8},"end":{"line":310,"column":8},"skip":true},{"start":{"line":310,"column":8},"end":{"line":310,"column":8},"skip":true}]},"27":{"line":313,"type":"binary-expr","locations":[{"start":{"line":313,"column":27},"end":{"line":313,"column":43},"skip":true},{"start":{"line":313,"column":47},"end":{"line":313,"column":53},"skip":true}]},"28":{"line":317,"type":"if","locations":[{"start":{"line":317,"column":12},"end":{"line":317,"column":12},"skip":true},{"start":{"line":317,"column":12},"end":{"line":317,"column":12},"skip":true}]}},"code":["/*","example.js","","quickstart example","","instruction","    1. save this script as example.js","    2. run the shell command:","        $ npm install npmtest-args && PORT=8081 node example.js","    3. play with the browser-demo on http://127.0.0.1:8081","*/","","","","/* istanbul instrument in package npmtest_args */","/*jslint","    bitwise: true,","    browser: true,","    maxerr: 8,","    maxlen: 96,","    node: true,","    nomen: true,","    regexp: true,","    stupid: true","*/","(function () {","    'use strict';","    var local;","","","","    // run shared js-env code - pre-init","    (function () {","        // init local","        local = {};","        // init modeJs","        local.modeJs = (function () {","            try {","                return typeof navigator.userAgent === 'string' &&","                    typeof document.querySelector('body') === 'object' &&","                    typeof XMLHttpRequest.prototype.open === 'function' &&","                    'browser';","            } catch (errorCaughtBrowser) {","                return module.exports &&","                    typeof process.versions.node === 'string' &&","                    typeof require('http').createServer === 'function' &&","                    'node';","            }","        }());","        // init global","        local.global = local.modeJs === 'browser'","            ? window","            : global;","        // init utility2_rollup","        local = local.global.utility2_rollup || (local.modeJs === 'browser'","            ? local.global.utility2_npmtest_args","            : global.utility2_moduleExports);","        // export local","        local.global.local = local;","    }());","    switch (local.modeJs) {","","","","    // post-init","    // run browser js-env code - post-init","    /* istanbul ignore next */","    case 'browser':","        local.testRunBrowser = function (event) {","            if (!event || (event &&","                    event.currentTarget &&","                    event.currentTarget.className &&","                    event.currentTarget.className.includes &&","                    event.currentTarget.className.includes('onreset'))) {","                // reset output","                Array.from(","                    document.querySelectorAll('body > .resettable')","                ).forEach(function (element) {","                    switch (element.tagName) {","                    case 'INPUT':","                    case 'TEXTAREA':","                        element.value = '';","                        break;","                    default:","                        element.textContent = '';","                    }","                });","            }","            switch (event && event.currentTarget && event.currentTarget.id) {","            case 'testRunButton1':","                // show tests","                if (document.querySelector('#testReportDiv1').style.display === 'none') {","                    document.querySelector('#testReportDiv1').style.display = 'block';","                    document.querySelector('#testRunButton1').textContent =","                        'hide internal test';","                    local.modeTest = true;","                    local.testRunDefault(local);","                // hide tests","                } else {","                    document.querySelector('#testReportDiv1').style.display = 'none';","                    document.querySelector('#testRunButton1').textContent = 'run internal test';","                }","                break;","            // custom-case","            default:","                break;","            }","            if (document.querySelector('#inputTextareaEval1') && (!event || (event &&","                    event.currentTarget &&","                    event.currentTarget.className &&","                    event.currentTarget.className.includes &&","                    event.currentTarget.className.includes('oneval')))) {","                // try to eval input-code","                try {","                    /*jslint evil: true*/","                    eval(document.querySelector('#inputTextareaEval1').value);","                } catch (errorCaught) {","                    console.error(errorCaught);","                }","            }","        };","        // log stderr and stdout to #outputTextareaStdout1","        ['error', 'log'].forEach(function (key) {","            console[key + '_original'] = console[key];","            console[key] = function () {","                var element;","                console[key + '_original'].apply(console, arguments);","                element = document.querySelector('#outputTextareaStdout1');","                if (!element) {","                    return;","                }","                // append text to #outputTextareaStdout1","                element.value += Array.from(arguments).map(function (arg) {","                    return typeof arg === 'string'","                        ? arg","                        : JSON.stringify(arg, null, 4);","                }).join(' ') + '\\n';","                // scroll textarea to bottom","                element.scrollTop = element.scrollHeight;","            };","        });","        // init event-handling","        ['change', 'click', 'keyup'].forEach(function (event) {","            Array.from(document.querySelectorAll('.on' + event)).forEach(function (element) {","                element.addEventListener(event, local.testRunBrowser);","            });","        });","        // run tests","        local.testRunBrowser();","        break;","","","","    // run node js-env code - post-init","    /* istanbul ignore next */","    case 'node':","        // export local","        module.exports = local;","        // require modules","        local.fs = require('fs');","        local.http = require('http');","        local.url = require('url');","        // init assets","        local.assetsDict = local.assetsDict || {};","        /* jslint-ignore-begin */","        local.assetsDict['/assets.index.template.html'] = '\\","<!doctype html>\\n\\","<html lang=\"en\">\\n\\","<head>\\n\\","<meta charset=\"UTF-8\">\\n\\","<meta name=\"viewport\" content=\"width=device-width, initial-scale=1\">\\n\\","<title>{{env.npm_package_name}} (v{{env.npm_package_version}})</title>\\n\\","<style>\\n\\","/*csslint\\n\\","    box-sizing: false,\\n\\","    universal-selector: false\\n\\","*/\\n\\","* {\\n\\","    box-sizing: border-box;\\n\\","}\\n\\","body {\\n\\","    background: #dde;\\n\\","    font-family: Arial, Helvetica, sans-serif;\\n\\","    margin: 2rem;\\n\\","}\\n\\","body > * {\\n\\","    margin-bottom: 1rem;\\n\\","}\\n\\",".utility2FooterDiv {\\n\\","    margin-top: 20px;\\n\\","    text-align: center;\\n\\","}\\n\\","</style>\\n\\","<style>\\n\\","/*csslint\\n\\","*/\\n\\","textarea {\\n\\","    font-family: monospace;\\n\\","    height: 10rem;\\n\\","    width: 100%;\\n\\","}\\n\\","textarea[readonly] {\\n\\","    background: #ddd;\\n\\","}\\n\\","</style>\\n\\","</head>\\n\\","<body>\\n\\","<!-- utility2-comment\\n\\","<div id=\"ajaxProgressDiv1\" style=\"background: #d00; height: 2px; left: 0; margin: 0; padding: 0; position: fixed; top: 0; transition: background 0.5s, width 1.5s; width: 25%;\"></div>\\n\\","utility2-comment -->\\n\\","<h1>\\n\\","<!-- utility2-comment\\n\\","    <a\\n\\","        {{#if env.npm_package_homepage}}\\n\\","        href=\"{{env.npm_package_homepage}}\"\\n\\","        {{/if env.npm_package_homepage}}\\n\\","        target=\"_blank\"\\n\\","    >\\n\\","utility2-comment -->\\n\\","        {{env.npm_package_name}} (v{{env.npm_package_version}})\\n\\","<!-- utility2-comment\\n\\","    </a>\\n\\","utility2-comment -->\\n\\","</h1>\\n\\","<h3>{{env.npm_package_description}}</h3>\\n\\","<!-- utility2-comment\\n\\","<h4><a download href=\"assets.app.js\">download standalone app</a></h4>\\n\\","<button class=\"onclick onreset\" id=\"testRunButton1\">run internal test</button><br>\\n\\","<div id=\"testReportDiv1\" style=\"display: none;\"></div>\\n\\","utility2-comment -->\\n\\","\\n\\","\\n\\","\\n\\","<label>stderr and stdout</label>\\n\\","<textarea class=\"resettable\" id=\"outputTextareaStdout1\" readonly></textarea>\\n\\","<!-- utility2-comment\\n\\","{{#if isRollup}}\\n\\","<script src=\"assets.app.js\"></script>\\n\\","{{#unless isRollup}}\\n\\","utility2-comment -->\\n\\","<script src=\"assets.utility2.rollup.js\"></script>\\n\\","<script src=\"jsonp.utility2._stateInit?callback=window.utility2._stateInit\"></script>\\n\\","<script src=\"assets.npmtest_args.rollup.js\"></script>\\n\\","<script src=\"assets.example.js\"></script>\\n\\","<script src=\"assets.test.js\"></script>\\n\\","<!-- utility2-comment\\n\\","{{/if isRollup}}\\n\\","utility2-comment -->\\n\\","<div class=\"utility2FooterDiv\">\\n\\","    [ this app was created with\\n\\","    <a href=\"https://github.com/kaizhu256/node-utility2\" target=\"_blank\">utility2</a>\\n\\","    ]\\n\\","</div>\\n\\","</body>\\n\\","</html>\\n\\","';","        /* jslint-ignore-end */","        if (local.templateRender) {","            local.assetsDict['/'] = local.templateRender(","                local.assetsDict['/assets.index.template.html'],","                {","                    env: local.objectSetDefault(local.env, {","                        npm_package_description: 'the greatest app in the world!',","                        npm_package_name: 'my-app',","                        npm_package_nameAlias: 'my_app',","                        npm_package_version: '0.0.1'","                    })","                }","            );","        } else {","            local.assetsDict['/'] = local.assetsDict['/assets.index.template.html']","                .replace((/\\{\\{env\\.(\\w+?)\\}\\}/g), function (match0, match1) {","                    // jslint-hack","                    String(match0);","                    switch (match1) {","                    case 'npm_package_description':","                        return 'the greatest app in the world!';","                    case 'npm_package_name':","                        return 'my-app';","                    case 'npm_package_nameAlias':","                        return 'my_app';","                    case 'npm_package_version':","                        return '0.0.1';","                    }","                });","        }","        // run the cli","        if (local.global.utility2_rollup || module !== require.main) {","            break;","        }","        local.assetsDict['/assets.example.js'] =","            local.assetsDict['/assets.example.js'] ||","            local.fs.readFileSync(__filename, 'utf8');","        // bug-workaround - long $npm_package_buildCustomOrg","        /* jslint-ignore-begin */","        local.assetsDict['/assets.npmtest_args.rollup.js'] =","            local.assetsDict['/assets.npmtest_args.rollup.js'] ||","            local.fs.readFileSync(","                local.npmtest_args.__dirname + '/lib.npmtest_args.js',","                'utf8'","            ).replace((/^#!/), '//');","        /* jslint-ignore-end */","        local.assetsDict['/favicon.ico'] = local.assetsDict['/favicon.ico'] || '';","        // if $npm_config_timeout_exit exists,","        // then exit this process after $npm_config_timeout_exit ms","        if (Number(process.env.npm_config_timeout_exit)) {","            setTimeout(process.exit, Number(process.env.npm_config_timeout_exit));","        }","        // start server","        if (local.global.utility2_serverHttp1) {","            break;","        }","        process.env.PORT = process.env.PORT || '8081';","        console.error('server starting on port ' + process.env.PORT);","        local.http.createServer(function (request, response) {","            request.urlParsed = local.url.parse(request.url);","            if (local.assetsDict[request.urlParsed.pathname] !== undefined) {","                response.end(local.assetsDict[request.urlParsed.pathname]);","                return;","            }","            response.statusCode = 404;","            response.end();","        }).listen(process.env.PORT);","        break;","    }","}());",""],"l":{"26":2,"28":2,"33":2,"35":2,"37":2,"38":2,"39":2,"44":1,"51":2,"55":2,"59":2,"61":2,"69":1,"70":2,"76":2,"79":2,"82":2,"83":2,"85":1,"89":2,"92":1,"93":1,"94":1,"96":1,"97":1,"100":1,"101":1,"103":1,"106":1,"108":2,"114":1,"116":1,"118":1,"123":1,"124":2,"125":2,"126":3,"127":3,"128":3,"129":3,"130":1,"133":3,"134":3,"139":3,"143":1,"144":3,"145":1,"149":1,"150":1,"158":1,"160":1,"161":1,"162":1,"164":1,"166":1,"258":1,"259":1,"271":1,"274":6,"275":6,"277":1,"279":2,"281":1,"283":2,"288":1,"289":1,"291":1,"296":1,"303":1,"306":1,"307":1,"310":1,"311":1,"313":1,"314":1,"315":1,"316":1,"317":1,"318":1,"319":1,"321":1,"322":1,"324":1}},"/home/travis/build/npmtest/node-npmtest-args/node_modules/args/index.js":{"path":"/home/travis/build/npmtest/node-npmtest-args/node_modules/args/index.js","s":{"1":1,"2":1,"3":1,"4":1,"5":1,"6":1,"7":1,"8":1,"9":1,"10":1,"11":1,"12":0,"13":0,"14":0,"15":0,"16":0,"17":0,"18":0,"19":0,"20":0,"21":0,"22":0,"23":0,"24":0,"25":0,"26":0,"27":0,"28":0,"29":0,"30":0,"31":0,"32":0,"33":0,"34":0,"35":0,"36":0,"37":0,"38":0,"39":0,"40":0,"41":0,"42":0,"43":0,"44":0,"45":0,"46":0,"47":0,"48":0,"49":0,"50":0,"51":0,"52":0,"53":0,"54":0,"55":0,"56":0,"57":0,"58":0,"59":0,"60":0,"61":0,"62":0,"63":0,"64":0,"65":0,"66":0,"67":0,"68":0,"69":0,"70":0,"71":0,"72":0,"73":0,"74":0,"75":0,"76":0,"77":0,"78":0,"79":0,"80":0,"81":0,"82":0,"83":0,"84":0,"85":0,"86":0,"87":0,"88":0,"89":0,"90":0,"91":0,"92":0,"93":0,"94":0,"95":0,"96":0,"97":0,"98":0,"99":0,"100":0,"101":0,"102":0,"103":0,"104":0,"105":0,"106":0,"107":0,"108":0,"109":0,"110":0,"111":0,"112":0,"113":0,"114":0,"115":0,"116":0,"117":0,"118":0,"119":0,"120":0,"121":0,"122":0,"123":0,"124":0,"125":0,"126":0,"127":0,"128":0,"129":0,"130":0,"131":0,"132":0,"133":0,"134":0,"135":0,"136":0,"137":0,"138":0,"139":0,"140":0,"141":0,"142":0,"143":0,"144":0,"145":0,"146":0,"147":0,"148":0,"149":0,"150":0,"151":0,"152":0,"153":0,"154":0,"155":0,"156":0,"157":0,"158":0,"159":0,"160":0,"161":0,"162":0,"163":0,"164":0,"165":0,"166":0,"167":0,"168":0,"169":0,"170":0,"171":0,"172":0,"173":0,"174":0,"175":0,"176":0,"177":0,"178":0,"179":0,"180":0,"181":0,"182":0,"183":0,"184":0,"185":0,"186":0,"187":0,"188":0,"189":0,"190":0,"191":0,"192":0,"193":0,"194":0,"195":0,"196":0,"197":0,"198":0,"199":0,"200":0,"201":0,"202":0,"203":0,"204":0,"205":0,"206":0,"207":0,"208":0,"209":0,"210":0,"211":0,"212":0,"213":0,"214":0,"215":0,"216":0,"217":0,"218":0,"219":0,"220":0,"221":0,"222":0,"223":0,"224":0,"225":0,"226":0,"227":0,"228":0,"229":0,"230":0,"231":0,"232":0,"233":0,"234":0,"235":0,"236":0,"237":0,"238":0,"239":0,"240":0,"241":0,"242":0,"243":0,"244":0,"245":0,"246":0,"247":0,"248":0,"249":0,"250":0,"251":0,"252":0,"253":0,"254":0,"255":0,"256":0,"257":0,"258":0,"259":0,"260":0,"261":0,"262":0,"263":0,"264":0,"265":0,"266":0,"267":0,"268":0,"269":0,"270":0,"271":0,"272":0,"273":0,"274":0,"275":0,"276":0,"277":0,"278":0,"279":1,"280":1,"281":1},"b":{"1":[0,0],"2":[0,0],"3":[0,0],"4":[0,0],"5":[0,0],"6":[0,0],"7":[0,0],"8":[0,0],"9":[0,0,0],"10":[0,0],"11":[0,0],"12":[0,0,0,0],"13":[0,0],"14":[0,0],"15":[0,0],"16":[0,0],"17":[0,0],"18":[0,0],"19":[0,0],"20":[0,0,0,0,0],"21":[0,0],"22":[0,0],"23":[0,0],"24":[0,0],"25":[0,0],"26":[0,0],"27":[0,0],"28":[0,0],"29":[0,0],"30":[0,0],"31":[0,0],"32":[0,0],"33":[0,0],"34":[0,0],"35":[0,0],"36":[0,0],"37":[0,0,0],"38":[0,0],"39":[0,0],"40":[0,0],"41":[0,0],"42":[0,0],"43":[0,0],"44":[0,0],"45":[0,0],"46":[0,0],"47":[0,0],"48":[0,0],"49":[0,0],"50":[0,0],"51":[0,0],"52":[0,0],"53":[0,0],"54":[0,0],"55":[0,0],"56":[0,0],"57":[0,0],"58":[0,0],"59":[0,0],"60":[0,0],"61":[0,0],"62":[0,0],"63":[0,0],"64":[0,0],"65":[0,0],"66":[0,0],"67":[0,0],"68":[0,0],"69":[0,0],"70":[0,0],"71":[0,0],"72":[0,0],"73":[0,0],"74":[0,0],"75":[0,0],"76":[0,0],"77":[0,0],"78":[0,0],"79":[0,0],"80":[0,0]},"f":{"1":1,"2":0,"3":0,"4":0,"5":0,"6":0,"7":0,"8":0,"9":0,"10":0,"11":0,"12":0,"13":0,"14":0,"15":0,"16":0},"fnMap":{"1":{"name":"(anonymous_1)","line":15,"loc":{"start":{"line":15,"column":13},"end":{"line":15,"column":16}}},"2":{"name":"(anonymous_2)","line":38,"loc":{"start":{"line":38,"column":9},"end":{"line":38,"column":30}}},"3":{"name":"(anonymous_3)","line":49,"loc":{"start":{"line":49,"column":10},"end":{"line":49,"column":17}}},"4":{"name":"(anonymous_4)","line":63,"loc":{"start":{"line":63,"column":9},"end":{"line":63,"column":16}}},"5":{"name":"(anonymous_5)","line":78,"loc":{"start":{"line":78,"column":8},"end":{"line":78,"column":48}}},"6":{"name":"(anonymous_6)","line":143,"loc":{"start":{"line":143,"column":9},"end":{"line":143,"column":45}}},"7":{"name":"(anonymous_7)","line":163,"loc":{"start":{"line":163,"column":12},"end":{"line":163,"column":20}}},"8":{"name":"(anonymous_8)","line":185,"loc":{"start":{"line":185,"column":12},"end":{"line":185,"column":21}}},"9":{"name":"(anonymous_9)","line":234,"loc":{"start":{"line":234,"column":12},"end":{"line":234,"column":15}}},"10":{"name":"(anonymous_10)","line":303,"loc":{"start":{"line":303,"column":18},"end":{"line":303,"column":21}}},"11":{"name":"(anonymous_11)","line":321,"loc":{"start":{"line":321,"column":17},"end":{"line":321,"column":24}}},"12":{"name":"(anonymous_12)","line":406,"loc":{"start":{"line":406,"column":12},"end":{"line":406,"column":31}}},"13":{"name":"(anonymous_13)","line":463,"loc":{"start":{"line":463,"column":14},"end":{"line":463,"column":17}}},"14":{"name":"(anonymous_14)","line":486,"loc":{"start":{"line":486,"column":11},"end":{"line":486,"column":24}}},"15":{"name":"(anonymous_15)","line":508,"loc":{"start":{"line":508,"column":7},"end":{"line":508,"column":23}}},"16":{"name":"(anonymous_16)","line":582,"loc":{"start":{"line":582,"column":10},"end":{"line":582,"column":13}}}},"statementMap":{"1":{"start":{"line":4,"column":0},"end":{"line":4,"column":29}},"2":{"start":{"line":5,"column":0},"end":{"line":5,"column":45}},"3":{"start":{"line":8,"column":0},"end":{"line":8,"column":35}},"4":{"start":{"line":9,"column":0},"end":{"line":9,"column":35}},"5":{"start":{"line":10,"column":0},"end":{"line":10,"column":39}},"6":{"start":{"line":11,"column":0},"end":{"line":11,"column":31}},"7":{"start":{"line":12,"column":0},"end":{"line":12,"column":54}},"8":{"start":{"line":17,"column":4},"end":{"line":21,"column":6}},"9":{"start":{"line":24,"column":4},"end":{"line":32,"column":6}},"10":{"start":{"line":34,"column":4},"end":{"line":34,"column":32}},"11":{"start":{"line":35,"column":4},"end":{"line":35,"column":31}},"12":{"start":{"line":39,"column":4},"end":{"line":43,"column":5}},"13":{"start":{"line":40,"column":6},"end":{"line":42,"column":8}},"14":{"start":{"line":44,"column":4},"end":{"line":44,"column":55}},"15":{"start":{"line":46,"column":4},"end":{"line":46,"column":16}},"16":{"start":{"line":50,"column":4},"end":{"line":52,"column":5}},"17":{"start":{"line":51,"column":6},"end":{"line":51,"column":66}},"18":{"start":{"line":54,"column":4},"end":{"line":58,"column":5}},"19":{"start":{"line":55,"column":6},"end":{"line":55,"column":40}},"20":{"start":{"line":56,"column":6},"end":{"line":56,"column":52}},"21":{"start":{"line":57,"column":6},"end":{"line":57,"column":39}},"22":{"start":{"line":60,"column":4},"end":{"line":60,"column":16}},"23":{"start":{"line":64,"column":4},"end":{"line":66,"column":5}},"24":{"start":{"line":65,"column":6},"end":{"line":65,"column":65}},"25":{"start":{"line":68,"column":4},"end":{"line":73,"column":5}},"26":{"start":{"line":69,"column":6},"end":{"line":69,"column":39}},"27":{"start":{"line":70,"column":6},"end":{"line":70,"column":38}},"28":{"start":{"line":72,"column":6},"end":{"line":72,"column":61}},"29":{"start":{"line":75,"column":4},"end":{"line":75,"column":16}},"30":{"start":{"line":79,"column":4},"end":{"line":79,"column":19}},"31":{"start":{"line":81,"column":4},"end":{"line":86,"column":6}},"32":{"start":{"line":82,"column":6},"end":{"line":84,"column":7}},"33":{"start":{"line":82,"column":35},"end":{"line":82,"column":62}},"34":{"start":{"line":83,"column":8},"end":{"line":83,"column":45}},"35":{"start":{"line":85,"column":6},"end":{"line":85,"column":27}},"36":{"start":{"line":90,"column":4},"end":{"line":99,"column":5}},"37":{"start":{"line":92,"column":8},"end":{"line":92,"column":72}},"38":{"start":{"line":93,"column":8},"end":{"line":93,"column":14}},"39":{"start":{"line":95,"column":8},"end":{"line":95,"column":35}},"40":{"start":{"line":96,"column":8},"end":{"line":96,"column":14}},"41":{"start":{"line":98,"column":8},"end":{"line":98,"column":51}},"42":{"start":{"line":102,"column":4},"end":{"line":104,"column":5}},"43":{"start":{"line":103,"column":6},"end":{"line":103,"column":71}},"44":{"start":{"line":106,"column":4},"end":{"line":110,"column":6}},"45":{"start":{"line":112,"column":4},"end":{"line":112,"column":23}},"46":{"start":{"line":114,"column":4},"end":{"line":126,"column":5}},"47":{"start":{"line":116,"column":8},"end":{"line":116,"column":30}},"48":{"start":{"line":117,"column":8},"end":{"line":117,"column":14}},"49":{"start":{"line":119,"column":8},"end":{"line":119,"column":30}},"50":{"start":{"line":120,"column":8},"end":{"line":120,"column":14}},"51":{"start":{"line":122,"column":8},"end":{"line":122,"column":30}},"52":{"start":{"line":123,"column":8},"end":{"line":123,"column":14}},"53":{"start":{"line":125,"column":8},"end":{"line":125,"column":31}},"54":{"start":{"line":129,"column":4},"end":{"line":134,"column":5}},"55":{"start":{"line":130,"column":6},"end":{"line":130,"column":54}},"56":{"start":{"line":131,"column":6},"end":{"line":133,"column":43}},"57":{"start":{"line":137,"column":4},"end":{"line":137,"column":45}},"58":{"start":{"line":140,"column":4},"end":{"line":140,"column":16}},"59":{"start":{"line":144,"column":4},"end":{"line":147,"column":5}},"60":{"start":{"line":145,"column":6},"end":{"line":145,"column":21}},"61":{"start":{"line":146,"column":6},"end":{"line":146,"column":23}},"62":{"start":{"line":148,"column":4},"end":{"line":150,"column":5}},"63":{"start":{"line":149,"column":6},"end":{"line":149,"column":42}},"64":{"start":{"line":153,"column":4},"end":{"line":157,"column":7}},"65":{"start":{"line":160,"column":4},"end":{"line":160,"column":16}},"66":{"start":{"line":164,"column":4},"end":{"line":164,"column":21}},"67":{"start":{"line":166,"column":4},"end":{"line":168,"column":5}},"68":{"start":{"line":167,"column":6},"end":{"line":167,"column":31}},"69":{"start":{"line":172,"column":4},"end":{"line":182,"column":5}},"70":{"start":{"line":174,"column":8},"end":{"line":174,"column":27}},"71":{"start":{"line":176,"column":8},"end":{"line":176,"column":26}},"72":{"start":{"line":179,"column":8},"end":{"line":179,"column":33}},"73":{"start":{"line":181,"column":8},"end":{"line":181,"column":20}},"74":{"start":{"line":186,"column":4},"end":{"line":186,"column":36}},"75":{"start":{"line":187,"column":4},"end":{"line":187,"column":24}},"76":{"start":{"line":190,"column":4},"end":{"line":195,"column":5}},"77":{"start":{"line":191,"column":6},"end":{"line":191,"column":38}},"78":{"start":{"line":192,"column":6},"end":{"line":194,"column":7}},"79":{"start":{"line":193,"column":8},"end":{"line":193,"column":25}},"80":{"start":{"line":198,"column":4},"end":{"line":229,"column":5}},"81":{"start":{"line":199,"column":6},"end":{"line":199,"column":26}},"82":{"start":{"line":201,"column":6},"end":{"line":206,"column":7}},"83":{"start":{"line":205,"column":8},"end":{"line":205,"column":38}},"84":{"start":{"line":208,"column":6},"end":{"line":208,"column":27}},"85":{"start":{"line":210,"column":6},"end":{"line":220,"column":7}},"86":{"start":{"line":212,"column":8},"end":{"line":214,"column":9}},"87":{"start":{"line":213,"column":10},"end":{"line":213,"column":53}},"88":{"start":{"line":216,"column":8},"end":{"line":219,"column":9}},"89":{"start":{"line":218,"column":10},"end":{"line":218,"column":41}},"90":{"start":{"line":223,"column":6},"end":{"line":225,"column":7}},"91":{"start":{"line":224,"column":8},"end":{"line":224,"column":31}},"92":{"start":{"line":228,"column":6},"end":{"line":228,"column":31}},"93":{"start":{"line":231,"column":4},"end":{"line":231,"column":20}},"94":{"start":{"line":235,"column":4},"end":{"line":235,"column":23}},"95":{"start":{"line":236,"column":4},"end":{"line":236,"column":20}},"96":{"start":{"line":239,"column":4},"end":{"line":239,"column":34}},"97":{"start":{"line":240,"column":4},"end":{"line":240,"column":18}},"98":{"start":{"line":243,"column":4},"end":{"line":249,"column":5}},"99":{"start":{"line":244,"column":6},"end":{"line":246,"column":7}},"100":{"start":{"line":245,"column":8},"end":{"line":245,"column":17}},"101":{"start":{"line":248,"column":6},"end":{"line":248,"column":54}},"102":{"start":{"line":252,"column":4},"end":{"line":298,"column":5}},"103":{"start":{"line":253,"column":6},"end":{"line":255,"column":7}},"104":{"start":{"line":254,"column":8},"end":{"line":254,"column":17}},"105":{"start":{"line":257,"column":6},"end":{"line":257,"column":56}},"106":{"start":{"line":259,"column":6},"end":{"line":297,"column":7}},"107":{"start":{"line":260,"column":8},"end":{"line":260,"column":49}},"108":{"start":{"line":261,"column":8},"end":{"line":261,"column":40}},"109":{"start":{"line":264,"column":8},"end":{"line":266,"column":10}},"110":{"start":{"line":265,"column":45},"end":{"line":265,"column":54}},"111":{"start":{"line":267,"column":8},"end":{"line":270,"column":10}},"112":{"start":{"line":272,"column":8},"end":{"line":272,"column":67}},"113":{"start":{"line":274,"column":8},"end":{"line":296,"column":9}},"114":{"start":{"line":275,"column":10},"end":{"line":275,"column":69}},"115":{"start":{"line":277,"column":10},"end":{"line":285,"column":13}},"116":{"start":{"line":278,"column":12},"end":{"line":282,"column":13}},"117":{"start":{"line":279,"column":14},"end":{"line":281,"column":15}},"118":{"start":{"line":280,"column":16},"end":{"line":280,"column":28}},"119":{"start":{"line":284,"column":12},"end":{"line":284,"column":25}},"120":{"start":{"line":287,"column":10},"end":{"line":289,"column":12}},"121":{"start":{"line":292,"column":10},"end":{"line":292,"column":25}},"122":{"start":{"line":294,"column":10},"end":{"line":294,"column":78}},"123":{"start":{"line":295,"column":10},"end":{"line":295,"column":26}},"124":{"start":{"line":300,"column":4},"end":{"line":300,"column":19}},"125":{"start":{"line":304,"column":4},"end":{"line":304,"column":43}},"126":{"start":{"line":305,"column":4},"end":{"line":305,"column":21}},"127":{"start":{"line":307,"column":4},"end":{"line":316,"column":5}},"128":{"start":{"line":308,"column":6},"end":{"line":310,"column":7}},"129":{"start":{"line":309,"column":8},"end":{"line":309,"column":17}},"130":{"start":{"line":311,"column":6},"end":{"line":311,"column":68}},"131":{"start":{"line":312,"column":6},"end":{"line":314,"column":8}},"132":{"start":{"line":315,"column":6},"end":{"line":315,"column":57}},"133":{"start":{"line":318,"column":4},"end":{"line":318,"column":17}},"134":{"start":{"line":323,"column":4},"end":{"line":323,"column":71}},"135":{"start":{"line":324,"column":4},"end":{"line":324,"column":21}},"136":{"start":{"line":325,"column":4},"end":{"line":325,"column":38}},"137":{"start":{"line":328,"column":4},"end":{"line":340,"column":7}},"138":{"start":{"line":329,"column":6},"end":{"line":329,"column":49}},"139":{"start":{"line":330,"column":6},"end":{"line":330,"column":50}},"140":{"start":{"line":332,"column":6},"end":{"line":339,"column":7}},"141":{"start":{"line":334,"column":10},"end":{"line":334,"column":20}},"142":{"start":{"line":336,"column":10},"end":{"line":336,"column":19}},"143":{"start":{"line":338,"column":10},"end":{"line":338,"column":19}},"144":{"start":{"line":342,"column":4},"end":{"line":370,"column":5}},"145":{"start":{"line":343,"column":6},"end":{"line":345,"column":7}},"146":{"start":{"line":344,"column":8},"end":{"line":344,"column":17}},"147":{"start":{"line":347,"column":6},"end":{"line":347,"column":36}},"148":{"start":{"line":348,"column":6},"end":{"line":348,"column":45}},"149":{"start":{"line":351,"column":6},"end":{"line":366,"column":7}},"150":{"start":{"line":352,"column":8},"end":{"line":365,"column":9}},"151":{"start":{"line":353,"column":10},"end":{"line":353,"column":35}},"152":{"start":{"line":355,"column":10},"end":{"line":355,"column":47}},"153":{"start":{"line":356,"column":10},"end":{"line":356,"column":48}},"154":{"start":{"line":358,"column":10},"end":{"line":360,"column":11}},"155":{"start":{"line":359,"column":12},"end":{"line":359,"column":39}},"156":{"start":{"line":362,"column":10},"end":{"line":364,"column":17}},"157":{"start":{"line":369,"column":6},"end":{"line":369,"column":32}},"158":{"start":{"line":374,"column":4},"end":{"line":376,"column":23}},"159":{"start":{"line":375,"column":6},"end":{"line":375,"column":45}},"160":{"start":{"line":378,"column":4},"end":{"line":401,"column":5}},"161":{"start":{"line":379,"column":6},"end":{"line":379,"column":29}},"162":{"start":{"line":380,"column":6},"end":{"line":380,"column":41}},"163":{"start":{"line":381,"column":6},"end":{"line":381,"column":45}},"164":{"start":{"line":382,"column":6},"end":{"line":382,"column":48}},"165":{"start":{"line":385,"column":6},"end":{"line":385,"column":38}},"166":{"start":{"line":388,"column":6},"end":{"line":394,"column":7}},"167":{"start":{"line":389,"column":8},"end":{"line":393,"column":9}},"168":{"start":{"line":390,"column":10},"end":{"line":390,"column":82}},"169":{"start":{"line":392,"column":10},"end":{"line":392,"column":74}},"170":{"start":{"line":395,"column":6},"end":{"line":400,"column":8}},"171":{"start":{"line":403,"column":4},"end":{"line":403,"column":17}},"172":{"start":{"line":408,"column":4},"end":{"line":410,"column":5}},"173":{"start":{"line":409,"column":6},"end":{"line":409,"column":27}},"174":{"start":{"line":413,"column":4},"end":{"line":418,"column":5}},"175":{"start":{"line":414,"column":6},"end":{"line":414,"column":38}},"176":{"start":{"line":415,"column":6},"end":{"line":415,"column":18}},"177":{"start":{"line":417,"column":6},"end":{"line":417,"column":66}},"178":{"start":{"line":421,"column":4},"end":{"line":423,"column":72}},"179":{"start":{"line":425,"column":4},"end":{"line":425,"column":30}},"180":{"start":{"line":426,"column":4},"end":{"line":426,"column":14}},"181":{"start":{"line":428,"column":4},"end":{"line":431,"column":5}},"182":{"start":{"line":429,"column":6},"end":{"line":429,"column":19}},"183":{"start":{"line":430,"column":6},"end":{"line":430,"column":10}},"184":{"start":{"line":434,"column":4},"end":{"line":436,"column":7}},"185":{"start":{"line":439,"column":4},"end":{"line":441,"column":7}},"186":{"start":{"line":440,"column":6},"end":{"line":440,"column":16}},"187":{"start":{"line":443,"column":4},"end":{"line":452,"column":7}},"188":{"start":{"line":444,"column":6},"end":{"line":451,"column":9}},"189":{"start":{"line":445,"column":8},"end":{"line":445,"column":26}},"190":{"start":{"line":446,"column":8},"end":{"line":450,"column":9}},"191":{"start":{"line":447,"column":10},"end":{"line":447,"column":44}},"192":{"start":{"line":449,"column":10},"end":{"line":449,"column":29}},"193":{"start":{"line":455,"column":4},"end":{"line":460,"column":7}},"194":{"start":{"line":456,"column":6},"end":{"line":459,"column":7}},"195":{"start":{"line":457,"column":8},"end":{"line":457,"column":34}},"196":{"start":{"line":458,"column":8},"end":{"line":458,"column":35}},"197":{"start":{"line":464,"column":4},"end":{"line":464,"column":33}},"198":{"start":{"line":467,"column":4},"end":{"line":467,"column":20}},"199":{"start":{"line":470,"column":4},"end":{"line":470,"column":43}},"200":{"start":{"line":472,"column":4},"end":{"line":483,"column":5}},"201":{"start":{"line":474,"column":6},"end":{"line":474,"column":58}},"202":{"start":{"line":477,"column":6},"end":{"line":482,"column":7}},"203":{"start":{"line":478,"column":8},"end":{"line":478,"column":29}},"204":{"start":{"line":481,"column":8},"end":{"line":481,"column":23}},"205":{"start":{"line":488,"column":4},"end":{"line":488,"column":40}},"206":{"start":{"line":491,"column":4},"end":{"line":502,"column":5}},"207":{"start":{"line":492,"column":6},"end":{"line":492,"column":32}},"208":{"start":{"line":493,"column":6},"end":{"line":493,"column":37}},"209":{"start":{"line":495,"column":6},"end":{"line":497,"column":7}},"210":{"start":{"line":496,"column":8},"end":{"line":496,"column":21}},"211":{"start":{"line":499,"column":6},"end":{"line":501,"column":7}},"212":{"start":{"line":500,"column":8},"end":{"line":500,"column":21}},"213":{"start":{"line":505,"column":4},"end":{"line":505,"column":17}},"214":{"start":{"line":510,"column":4},"end":{"line":510,"column":40}},"215":{"start":{"line":512,"column":4},"end":{"line":523,"column":5}},"216":{"start":{"line":513,"column":6},"end":{"line":520,"column":7}},"217":{"start":{"line":514,"column":8},"end":{"line":516,"column":9}},"218":{"start":{"line":515,"column":10},"end":{"line":515,"column":19}},"219":{"start":{"line":519,"column":8},"end":{"line":519,"column":79}},"220":{"start":{"line":522,"column":6},"end":{"line":522,"column":71}},"221":{"start":{"line":525,"column":4},"end":{"line":536,"column":5}},"222":{"start":{"line":526,"column":6},"end":{"line":533,"column":7}},"223":{"start":{"line":527,"column":8},"end":{"line":529,"column":9}},"224":{"start":{"line":528,"column":10},"end":{"line":528,"column":19}},"225":{"start":{"line":532,"column":8},"end":{"line":532,"column":76}},"226":{"start":{"line":535,"column":6},"end":{"line":535,"column":68}},"227":{"start":{"line":538,"column":4},"end":{"line":542,"column":5}},"228":{"start":{"line":540,"column":6},"end":{"line":540,"column":54}},"229":{"start":{"line":541,"column":6},"end":{"line":541,"column":58}},"230":{"start":{"line":545,"column":4},"end":{"line":545,"column":59}},"231":{"start":{"line":546,"column":4},"end":{"line":546,"column":47}},"232":{"start":{"line":549,"column":4},"end":{"line":551,"column":5}},"233":{"start":{"line":550,"column":6},"end":{"line":550,"column":26}},"234":{"start":{"line":553,"column":4},"end":{"line":553,"column":37}},"235":{"start":{"line":554,"column":4},"end":{"line":554,"column":54}},"236":{"start":{"line":556,"column":4},"end":{"line":556,"column":20}},"237":{"start":{"line":557,"column":4},"end":{"line":557,"column":59}},"238":{"start":{"line":558,"column":4},"end":{"line":558,"column":41}},"239":{"start":{"line":560,"column":4},"end":{"line":560,"column":34}},"240":{"start":{"line":561,"column":4},"end":{"line":561,"column":19}},"241":{"start":{"line":564,"column":4},"end":{"line":564,"column":22}},"242":{"start":{"line":567,"column":4},"end":{"line":570,"column":5}},"243":{"start":{"line":568,"column":6},"end":{"line":568,"column":43}},"244":{"start":{"line":569,"column":6},"end":{"line":569,"column":16}},"245":{"start":{"line":574,"column":4},"end":{"line":576,"column":5}},"246":{"start":{"line":575,"column":6},"end":{"line":575,"column":22}},"247":{"start":{"line":579,"column":4},"end":{"line":579,"column":22}},"248":{"start":{"line":583,"column":4},"end":{"line":583,"column":67}},"249":{"start":{"line":584,"column":4},"end":{"line":584,"column":75}},"250":{"start":{"line":584,"column":29},"end":{"line":584,"column":74}},"251":{"start":{"line":586,"column":4},"end":{"line":586,"column":21}},"252":{"start":{"line":588,"column":4},"end":{"line":592,"column":6}},"253":{"start":{"line":594,"column":4},"end":{"line":600,"column":5}},"254":{"start":{"line":595,"column":6},"end":{"line":597,"column":7}},"255":{"start":{"line":596,"column":8},"end":{"line":596,"column":17}},"256":{"start":{"line":599,"column":6},"end":{"line":599,"column":28}},"257":{"start":{"line":602,"column":4},"end":{"line":602,"column":60}},"258":{"start":{"line":603,"column":4},"end":{"line":603,"column":57}},"259":{"start":{"line":604,"column":4},"end":{"line":606,"column":11}},"260":{"start":{"line":608,"column":4},"end":{"line":612,"column":7}},"261":{"start":{"line":614,"column":4},"end":{"line":628,"column":5}},"262":{"start":{"line":615,"column":6},"end":{"line":617,"column":7}},"263":{"start":{"line":616,"column":8},"end":{"line":616,"column":17}},"264":{"start":{"line":619,"column":6},"end":{"line":619,"column":54}},"265":{"start":{"line":621,"column":6},"end":{"line":625,"column":7}},"266":{"start":{"line":622,"column":8},"end":{"line":622,"column":44}},"267":{"start":{"line":624,"column":8},"end":{"line":624,"column":48}},"268":{"start":{"line":627,"column":6},"end":{"line":627,"column":27}},"269":{"start":{"line":630,"column":4},"end":{"line":630,"column":20}},"270":{"start":{"line":633,"column":4},"end":{"line":635,"column":5}},"271":{"start":{"line":634,"column":6},"end":{"line":634,"column":34}},"272":{"start":{"line":637,"column":4},"end":{"line":639,"column":5}},"273":{"start":{"line":638,"column":6},"end":{"line":638,"column":54}},"274":{"start":{"line":641,"column":4},"end":{"line":641,"column":48}},"275":{"start":{"line":644,"column":4},"end":{"line":646,"column":5}},"276":{"start":{"line":645,"column":6},"end":{"line":645,"column":45}},"277":{"start":{"line":648,"column":4},"end":{"line":648,"column":24}},"278":{"start":{"line":651,"column":4},"end":{"line":651,"column":19}},"279":{"start":{"line":655,"column":0},"end":{"line":655,"column":28}},"280":{"start":{"line":657,"column":0},"end":{"line":657,"column":26}},"281":{"start":{"line":658,"column":0},"end":{"line":658,"column":27}}},"branchMap":{"1":{"line":39,"type":"if","locations":[{"start":{"line":39,"column":4},"end":{"line":39,"column":4}},{"start":{"line":39,"column":4},"end":{"line":39,"column":4}}]},"2":{"line":39,"type":"binary-expr","locations":[{"start":{"line":39,"column":8},"end":{"line":39,"column":33}},{"start":{"line":39,"column":37},"end":{"line":39,"column":68}}]},"3":{"line":50,"type":"if","locations":[{"start":{"line":50,"column":4},"end":{"line":50,"column":4}},{"start":{"line":50,"column":4},"end":{"line":50,"column":4}}]},"4":{"line":55,"type":"binary-expr","locations":[{"start":{"line":55,"column":20},"end":{"line":55,"column":30}},{"start":{"line":55,"column":34},"end":{"line":55,"column":39}}]},"5":{"line":56,"type":"binary-expr","locations":[{"start":{"line":56,"column":26},"end":{"line":56,"column":42}},{"start":{"line":56,"column":46},"end":{"line":56,"column":51}}]},"6":{"line":64,"type":"if","locations":[{"start":{"line":64,"column":4},"end":{"line":64,"column":4}},{"start":{"line":64,"column":4},"end":{"line":64,"column":4}}]},"7":{"line":70,"type":"binary-expr","locations":[{"start":{"line":70,"column":19},"end":{"line":70,"column":28}},{"start":{"line":70,"column":32},"end":{"line":70,"column":37}}]},"8":{"line":82,"type":"if","locations":[{"start":{"line":82,"column":6},"end":{"line":82,"column":6}},{"start":{"line":82,"column":6},"end":{"line":82,"column":6}}]},"9":{"line":90,"type":"switch","locations":[{"start":{"line":91,"column":6},"end":{"line":93,"column":14}},{"start":{"line":94,"column":6},"end":{"line":96,"column":14}},{"start":{"line":97,"column":6},"end":{"line":98,"column":51}}]},"10":{"line":102,"type":"if","locations":[{"start":{"line":102,"column":4},"end":{"line":102,"column":4}},{"start":{"line":102,"column":4},"end":{"line":102,"column":4}}]},"11":{"line":102,"type":"binary-expr","locations":[{"start":{"line":102,"column":8},"end":{"line":102,"column":24}},{"start":{"line":102,"column":28},"end":{"line":102,"column":47}}]},"12":{"line":114,"type":"switch","locations":[{"start":{"line":115,"column":6},"end":{"line":117,"column":14}},{"start":{"line":118,"column":6},"end":{"line":120,"column":14}},{"start":{"line":121,"column":6},"end":{"line":123,"column":14}},{"start":{"line":124,"column":6},"end":{"line":125,"column":31}}]},"13":{"line":129,"type":"if","locations":[{"start":{"line":129,"column":4},"end":{"line":129,"column":4}},{"start":{"line":129,"column":4},"end":{"line":129,"column":4}}]},"14":{"line":131,"type":"cond-expr","locations":[{"start":{"line":132,"column":10},"end":{"line":132,"column":14}},{"start":{"line":133,"column":10},"end":{"line":133,"column":42}}]},"15":{"line":144,"type":"if","locations":[{"start":{"line":144,"column":4},"end":{"line":144,"column":4}},{"start":{"line":144,"column":4},"end":{"line":144,"column":4}}]},"16":{"line":148,"type":"if","locations":[{"start":{"line":148,"column":4},"end":{"line":148,"column":4}},{"start":{"line":148,"column":4},"end":{"line":148,"column":4}}]},"17":{"line":148,"type":"binary-expr","locations":[{"start":{"line":148,"column":8},"end":{"line":148,"column":15}},{"start":{"line":148,"column":19},"end":{"line":148,"column":41}}]},"18":{"line":156,"type":"cond-expr","locations":[{"start":{"line":156,"column":41},"end":{"line":156,"column":45}},{"start":{"line":156,"column":48},"end":{"line":156,"column":53}}]},"19":{"line":166,"type":"if","locations":[{"start":{"line":166,"column":4},"end":{"line":166,"column":4}},{"start":{"line":166,"column":4},"end":{"line":166,"column":4}}]},"20":{"line":172,"type":"switch","locations":[{"start":{"line":173,"column":6},"end":{"line":174,"column":27}},{"start":{"line":175,"column":6},"end":{"line":176,"column":26}},{"start":{"line":177,"column":6},"end":{"line":177,"column":18}},{"start":{"line":178,"column":6},"end":{"line":179,"column":33}},{"start":{"line":180,"column":6},"end":{"line":181,"column":20}}]},"21":{"line":192,"type":"if","locations":[{"start":{"line":192,"column":6},"end":{"line":192,"column":6}},{"start":{"line":192,"column":6},"end":{"line":192,"column":6}}]},"22":{"line":201,"type":"if","locations":[{"start":{"line":201,"column":6},"end":{"line":201,"column":6}},{"start":{"line":201,"column":6},"end":{"line":201,"column":6}}]},"23":{"line":202,"type":"binary-expr","locations":[{"start":{"line":202,"column":8},"end":{"line":202,"column":50}},{"start":{"line":203,"column":8},"end":{"line":203,"column":53}}]},"24":{"line":210,"type":"if","locations":[{"start":{"line":210,"column":6},"end":{"line":210,"column":6}},{"start":{"line":210,"column":6},"end":{"line":210,"column":6}}]},"25":{"line":212,"type":"if","locations":[{"start":{"line":212,"column":8},"end":{"line":212,"column":8}},{"start":{"line":212,"column":8},"end":{"line":212,"column":8}}]},"26":{"line":216,"type":"if","locations":[{"start":{"line":216,"column":8},"end":{"line":216,"column":8}},{"start":{"line":216,"column":8},"end":{"line":216,"column":8}}]},"27":{"line":223,"type":"if","locations":[{"start":{"line":223,"column":6},"end":{"line":223,"column":6}},{"start":{"line":223,"column":6},"end":{"line":223,"column":6}}]},"28":{"line":244,"type":"if","locations":[{"start":{"line":244,"column":6},"end":{"line":244,"column":6}},{"start":{"lin
[...]
}}]},"80":{"line":645,"type":"binary-expr","locations":[{"start":{"line":645,"column":15},"end":{"line":645,"column":34}},{"start":{"line":645,"column":38},"end":{"line":645,"column":44}}]}},"code":["'use strict';","","// Native","const path = require('path');","const spawn = require('child_process').spawn;","","// Packages","const parser = require('minimist');","const pkginfo = require('pkginfo');","const camelcase = require('camelcase');","const chalk = require('chalk');","const stringSimilarity = require('string-similarity');","","class Args {","  constructor() {","    // Will later hold registered options and commands","    this.details = {","      options: [],","      commands: [],","      examples: []","    };","","    // Configuration defaults","    this.config = {","      help: true,","      version: true,","      usageFilter: null,","      value: null,","      name: null,","      mainColor: 'yellow',","      subColor: 'dim'","    };","","    this.printMainColor = chalk;","    this.printSubColor = chalk;","  }","","  example(usage, description) {","    if (typeof usage !== 'string' || typeof description !== 'string') {","      throw new TypeError(","        'Usage for adding an Example: args.example(\"usage\", \"description\")'","      );","    }","    this.details.examples.push({ usage, description });","","    return this;","  }","","  examples(list) {","    if (list.constructor !== Array) {","      throw new Error('Item passed to .examples is not an array');","    }","","    for (const item of list) {","      const usage = item.usage || false;","      const description = item.description || false;","      this.example(usage, description);","    }","","    return this;","  }","","  options(list) {","    if (list.constructor !== Array) {","      throw new Error('Item passed to .options is not an array');","    }","","    for (const item of list) {","      const preset = item.defaultValue;","      const init = item.init || false;","","      this.option(item.name, item.description, preset, init);","    }","","    return this;","  }","","  option(name, description, defaultValue, init) {","    let usage = [];","","    const assignShort = (name, options, short) => {","      if (options.find(flagName => flagName.usage[0] === short)) {","        short = name.charAt(0).toUpperCase();","      }","      return [short, name];","    };","","    // If name is an array, pick the values","    // Otherwise just use the whole thing","    switch (name.constructor) {","      case String:","        usage = assignShort(name, this.details.options, name.charAt(0));","        break;","      case Array:","        usage = usage.concat(name);","        break;","      default:","        throw new Error('Invalid name for option');","    }","","    // Throw error if short option is too long","    if (usage.length > 0 && usage[0].length > 1) {","      throw new Error('Short version of option is longer than 1 char');","    }","","    const optionDetails = {","      defaultValue,","      usage,","      description","    };","","    let defaultIsWrong;","","    switch (defaultValue) {","      case false:","        defaultIsWrong = true;","        break;","      case null:","        defaultIsWrong = true;","        break;","      case undefined:","        defaultIsWrong = true;","        break;","      default:","        defaultIsWrong = false;","    }","","    // Set initializer depending on type of default value","    if (!defaultIsWrong) {","      const initFunction = typeof init === 'function';","      optionDetails.init = initFunction","        ? init","        : this.handleType(defaultValue)[1];","    }","","    // Register option to global scope","    this.details.options.push(optionDetails);","","    // Allow chaining of .option()","    return this;","  }","","  command(usage, description, init, aliases) {","    if (Array.isArray(init)) {","      aliases = init;","      init = undefined;","    }","    if (aliases && Array.isArray(aliases)) {","      usage = [].concat([usage], aliases);","    }","","    // Register command to global scope","    this.details.commands.push({","      usage,","      description,","      init: typeof init === 'function' ? init : false","    });","","    // Allow chaining of .command()","    return this;","  }","","  handleType(value) {","    let type = value;","","    if (typeof value !== 'function') {","      type = value.constructor;","    }","","    // Depending on the type of the default value,","    // select a default initializer function","    switch (type) {","      case String:","        return ['[value]'];","      case Array:","        return ['<list>'];","      case Number:","      case parseInt:","        return ['<n>', parseInt];","      default:","        return [''];","    }","  }","","  readOption(option) {","    let value = option.defaultValue;","    const contents = {};","","    // If option has been used, get its value","    for (const name of option.usage) {","      const fromArgs = this.raw[name];","      if (typeof fromArgs !== 'undefined') {","        value = fromArgs;","      }","    }","","    // Process the option's value","    for (let name of option.usage) {","      let propVal = value;","","      if (","        typeof option.defaultValue !== 'undefined' &&","        typeof propVal !== typeof option.defaultValue","      ) {","        propVal = option.defaultValue;","      }","","      let condition = true;","","      if (option.init) {","        // Only use the toString initializer if value is a number","        if (option.init === toString) {","          condition = propVal.constructor === Number;","        }","","        if (condition) {","          // Pass it through the initializer","          propVal = option.init(propVal);","        }","      }","","      // Camelcase option name (skip short flag)","      if (name.length > 1) {","        name = camelcase(name);","      }","","      // Add option to list","      contents[name] = propVal;","    }","","    return contents;","  }","","  getOptions() {","    const options = {};","    const args = {};","","    // Copy over the arguments","    Object.assign(args, this.raw);","    delete args._;","","    // Set option defaults","    for (const option of this.details.options) {","      if (typeof option.defaultValue === 'undefined') {","        continue;","      }","","      Object.assign(options, this.readOption(option));","    }","","    // Override defaults if used in command line","    for (const option in args) {","      if (!{}.hasOwnProperty.call(args, option)) {","        continue;","      }","","      const related = this.isDefined(option, 'options');","","      if (related) {","        const details = this.readOption(related);","        Object.assign(options, details);","      } else {","        // Unknown Option","        const availableOptions = [].concat(","          ...this.details.options.map(opt => opt.usage)","        );","        const suggestOption = stringSimilarity.findBestMatch(","          option,","          availableOptions","        );","","        process.stdout.write(`The option \"${option}\" is unknown.`);","","        if (suggestOption.bestMatch.rating >= 0.5) {","          process.stdout.write(' Did you mean the following one?\\n');","","          const suggestion = this.details.options.filter(item => {","            for (const flag of item.usage) {","              if (flag === suggestOption.bestMatch.target) {","                return true;","              }","            }","","            return false;","          });","","          process.stdout.write(","            this.generateDetails(suggestion)[0].trim() + '\\n'","          );","","          // eslint-disable-next-line unicorn/no-process-exit","          process.exit();","        } else {","          process.stdout.write(` Here's a list of all available options: \\n`);","          this.showHelp();","        }","      }","    }","","    return options;","  }","","  generateExamples() {","    const examples = this.details.examples;","    const parts = [];","","    for (const item in examples) {","      if (!{}.hasOwnProperty.call(examples, item)) {","        continue;","      }","      const usage = this.printSubColor('$ ' + examples[item].usage);","      const description = this.printMainColor(","        '- ' + examples[item].description","      );","      parts.push(`  ${description}\\n\\n    ${usage}\\n\\n`);","    }","","    return parts;","  }","","  generateDetails(kind) {","    // Get all properties of kind from global scope","    const items = typeof kind === 'string' ? this.details[kind] : kind;","    const parts = [];","    const isCmd = kind === 'commands';","","    // Sort items alphabetically","    items.sort((a, b) => {","      const first = isCmd ? a.usage : a.usage[1];","      const second = isCmd ? b.usage : b.usage[1];","","      switch (true) {","        case first < second:","          return -1;","        case first > second:","          return 1;","        default:","          return 0;","      }","    });","","    for (const item in items) {","      if (!{}.hasOwnProperty.call(items, item)) {","        continue;","      }","","      let usage = items[item].usage;","      let initial = items[item].defaultValue;","","      // If usage is an array, show its contents","      if (usage.constructor === Array) {","        if (isCmd) {","          usage = usage.join(', ');","        } else {","          const isVersion = usage.indexOf('v');","          usage = `-${usage[0]}, --${usage[1]}`;","","          if (!initial) {","            initial = items[item].init;","          }","","          usage += initial && isVersion === -1","            ? ' ' + this.handleType(initial)[0]","            : '';","        }","      }","","      // Overwrite usage with readable syntax","      items[item].usage = usage;","    }","","    // Find length of longest option or command","    // Before doing that, make a copy of the original array","    const longest = items.slice().sort((a, b) => {","      return b.usage.length - a.usage.length;","    })[0].usage.length;","","    for (const item of items) {","      let usage = item.usage;","      let description = item.description;","      const defaultValue = item.defaultValue;","      const difference = longest - usage.length;","","      // Compensate the difference to longest property with spaces","      usage += ' '.repeat(difference);","","      // Add some space around it as well","      if (typeof defaultValue !== 'undefined') {","        if (typeof defaultValue === 'boolean') {","          description += ` (${defaultValue ? 'enabled' : 'disabled'} by default)`;","        } else {","          description += ` (defaults to ${JSON.stringify(defaultValue)})`;","        }","      }","      parts.push(","        '  ' +","          this.printMainColor(usage) +","          '  ' +","          this.printSubColor(description)","      );","    }","","    return parts;","  }","","  runCommand(details, options) {","    // If help is disabled, remove initializer","    if (details.usage === 'help' && !this.config.help) {","      details.init = false;","    }","","    // If command has initializer, call it","    if (details.init) {","      const sub = [].concat(this.sub);","      sub.shift();","","      return details.init.bind(this)(details.usage, sub, options);","    }","","    // Generate full name of binary","    const full = this.binary +","      '-' +","      (Array.isArray(details.usage) ? details.usage[0] : details.usage);","","    const args = process.argv;","    let i = 0;","","    while (i < 3) {","      args.shift();","      i++;","    }","","    // Run binary of sub command","    this.child = spawn(full, args, {","      stdio: 'inherit'","    });","","    // Throw an error if something fails within that binary","    this.child.on('error', err => {","      throw err;","    });","","    this.child.on('exit', (code, signal) => {","      process.on('exit', () => {","        this.child = null;","        if (signal) {","          process.kill(process.pid, signal);","        } else {","          process.exit(code);","        }","      });","    });","","    // Proxy SIGINT to child process","    process.on('SIGINT', () => {","      if (this.child) {","        this.child.kill('SIGINT');","        this.child.kill('SIGTERM'); // If that didn't work, we're probably in an infinite loop, so make it die","      }","    });","  }","","  checkVersion() {","    const parent = module.parent;","","    // Load parent module","    pkginfo(parent);","","    // And get its version propery","    const version = parent.exports.version;","","    if (version) {","      // If it exists, register it as a default option","      this.option('version', 'Output the version number');","","      // And immediately output it if used in command line","      if (this.raw.v || this.raw.version) {","        console.log(version);","","        // eslint-disable-next-line unicorn/no-process-exit","        process.exit();","      }","    }","  }","","  isDefined(name, list) {","    // Get all items of kind","    const children = this.details[list];","","    // Check if a child matches the requested name","    for (const child of children) {","      const usage = child.usage;","      const type = usage.constructor;","","      if (type === Array && usage.indexOf(name) > -1) {","        return child;","      }","","      if (type === String && usage === name) {","        return child;","      }","    }","","    // If nothing matches, item is not defined","    return false;","  }","","  parse(argv, options) {","    // Override default option values","    Object.assign(this.config, options);","","    if (Array.isArray(this.config.mainColor)) {","      for (const item in this.config.mainColor) {","        if (!{}.hasOwnProperty.call(this.config.mainColor, item)) {","          continue;","        }","","        // Chain all colors to our print method","        this.printMainColor = this.printMainColor[this.config.mainColor[item]];","      }","    } else {","      this.printMainColor = this.printMainColor[this.config.mainColor];","    }","","    if (Array.isArray(this.config.subColor)) {","      for (const item in this.config.subColor) {","        if (!{}.hasOwnProperty.call(this.config.subColor, item)) {","          continue;","        }","","        // Chain all colors to our print method","        this.printSubColor = this.printSubColor[this.config.subColor[item]];","      }","    } else {","      this.printSubColor = this.printSubColor[this.config.subColor];","    }","","    if (this.config.help) {","      // Register default options and commands","      this.option('help', 'Output usage information');","      this.command('help', 'Display help', this.showHelp);","    }","","    // Parse arguments using minimist","    this.raw = parser(argv.slice(1), this.config.minimist);","    this.binary = path.basename(this.raw._[0]);","","    // If default version is allowed, check for it","    if (this.config.version) {","      this.checkVersion();","    }","","    const subCommand = this.raw._[1];","    const helpTriggered = this.raw.h || this.raw.help;","","    const args = {};","    const defined = this.isDefined(subCommand, 'commands');","    const optionList = this.getOptions();","","    Object.assign(args, this.raw);","    args._.shift();","","    // Export sub arguments of command","    this.sub = args._;","","    // If sub command is defined, run it","    if (defined) {","      this.runCommand(defined, optionList);","      return {};","    }","","    // Show usage information if \"help\" or \"h\" option was used","    // And respect the option related to it","    if (this.config.help && helpTriggered) {","      this.showHelp();","    }","","    // Hand back list of options","    return optionList;","  }","","  showHelp() {","    const name = this.config.name || this.binary.replace('-', ' ');","    const firstBig = word => word.charAt(0).toUpperCase() + word.substr(1);","","    const parts = [];","","    const groups = {","      commands: true,","      options: true,","      examples: true","    };","","    for (const group in groups) {","      if (this.details[group].length > 0) {","        continue;","      }","","      groups[group] = false;","    }","","    const optionHandle = groups.options ? '[options] ' : '';","    const cmdHandle = groups.commands ? '[command]' : '';","    const value = typeof this.config.value === 'string'","      ? ' ' + this.config.value","      : '';","","    parts.push([","      '',","      `Usage: ${this.printMainColor(name)} ${this.printSubColor(optionHandle + cmdHandle + value)}`,","      ''","    ]);","","    for (const group in groups) {","      if (!groups[group]) {","        continue;","      }","","      parts.push(['', firstBig(group) + ':', '', '']);","","      if (group === 'examples') {","        parts.push(this.generateExamples());","      } else {","        parts.push(this.generateDetails(group));","      }","","      parts.push(['', '']);","    }","","    let output = '';","","    // And finally, merge and output them","    for (const part of parts) {","      output += part.join('\\n  ');","    }","","    if (!groups.commands && !groups.options) {","      output = 'No sub commands or options available';","    }","","    const usageFilter = this.config.usageFilter;","","    // If filter is available, pass usage information through","    if (typeof usageFilter === 'function') {","      output = usageFilter(output) || output;","    }","","    console.log(output);","","    // eslint-disable-next-line unicorn/no-process-exit","    process.exit();","  }","}","","const instance = new Args();","","module.exports = instance;","exports.default = instance;",""],"l":{"4":1,"5":1,"8":1,"9":1,"10":1,"11":1,"12":1,"17":1,"24":1,"34":1,"35":1,"39":0,"40":0,"44":0,"46":0,"50":0,"51":0,"54":0,"55":0,"56":0,"57":0,"60":0,"64":0,"65":0,"68":0,"69":0,"70":0,"72":0,"75":0,"79":0,"81":0,"82":0,"83":0,"85":0,"90":0,"92":0,"93":0,"95":0,"96":0,"98":0,"102":0,"103":0,"106":0,"112":0,"114":0,"116":0,"117":0,"119":0,"120":0,"122":0,"123":0,"125":0,"129":0,"130":0,"131":0,"137":0,"140":0,"144":0,"145":0,"146":0,"148":0,"149":0,"153":0,"160":0,"164":0,"166":0,"167":0,"172":0,"174":0,"176":0,"179":0,"181":0,"186":0,"187":0,"190":0,"191":0,"192":0,"193":0,"198":0,"199":0,"201":0,"205":0,"208":0,"210":0,"212":0,"213":0,"216":0,"218":0,"223":0,"224":0,"228":0,"231":0,"235":0,"236":0,"239":0,"240":0,"243":0,"244":0,"245":0,"248":0,"252":0,"253":0,"254":0,"257":0,"259":0,"260":0,"261":0,"264":0,"265":0,"267":0,"272":0,"274":0,"275":0,"277":0,"278":0,"279":0,"280":0,"284":0,"287":0,"292":0,"294":0,"295":0,"300":0,"304":0,"305":0,"307":0,"308":0,"309":0,"311":0,"312":0,"315":0,"318":0,"323":0,"324":0,"325":0,"328":0,"329":0,"330":0,"332":0,"334":0,"336":0,"338":0,"342":0,"343":0,"344":0,"347":0,"348":0,"351":0,"352":0,"353":0,"355":0,"356":0,"358":0,"359":0,"362":0,"369":0,"374":0,"375":0,"378":0,"379":0,"380":0,"381":0,"382":0,"385":0,"388":0,"389":0,"390":0,"392":0,"395":0,"403":0,"408":0,"409":0,"413":0,"414":0,"415":0,"417":0,"421":0,"425":0,"426":0,"428":0,"429":0,"430":0,"434":0,"439":0,"440":0,"443":0,"444":0,"445":0,"446":0,"447":0,"449":0,"455":0,"456":0,"457":0,"458":0,"464":0,"467":0,"470":0,"472":0,"474":0,"477":0,"478":0,"481":0,"488":0,"491":0,"492":0,"493":0,"495":0,"496":0,"499":0,"500":0,"505":0,"510":0,"512":0,"513":0,"514":0,"515":0,"519":0,"522":0,"525":0,"526":0,"527":0,"528":0,"532":0,"535":0,"538":0,"540":0,"541":0,"545":0,"546":0,"549":0,"550":0,"553":0,"554":0,"556":0,"557":0,"558":0,"560":0,"561":0,"564":0,"567":0,"568":0,"569":0,"574":0,"575":0,"579":0,"583":0,"584":0,"586":0,"588":0,"594":0,"595":0,"596":0,"599":0,"602":0,"603":0,"604":0,"608":0,"614":0,"615":0,"616":0,"619":0,"621":0,"622":0,"624":0,"627":0,"630":0,"633":0,"634":0,"637":0,"638":0,"641":0,"644":0,"645":0,"648":0,"651":0,"655":1,"657":1,"658":1}}}